2023-05-09 04:24:11.810 [info] Log level: Info
2023-05-09 04:24:11.811 [info] Validating found git in: "git"
2023-05-09 04:24:11.811 [info] Using git "2.25.1" from "git"
2023-05-09 04:24:11.811 [info] > git rev-parse --show-toplevel [49ms]
2023-05-09 04:24:11.811 [info] fatal: not a git repository (or any of the parent directories): .git
2023-05-09 04:24:11.811 [info] > git rev-parse --show-toplevel [5ms]
2023-05-09 04:24:11.811 [info] > git rev-parse --git-dir --git-common-dir [5ms]
2023-05-09 04:24:11.811 [info] Open repository: /home/ubuntu/rbtree-lab
2023-05-09 04:24:11.819 [info] > git rev-parse --show-toplevel [10ms]
2023-05-09 04:24:11.826 [info] > git config --get commit.template [8ms]
2023-05-09 04:24:11.835 [info] > git rev-parse --show-toplevel [10ms]
2023-05-09 04:24:11.835 [info] fatal: not a git repository (or any of the parent directories): .git
2023-05-09 04:24:11.895 [info] > git for-each-ref --format=%(refname)%00%(upstream:short)%00%(objectname)%00%(upstream:track)%00%(upstream:remotename)%00%(upstream:remoteref) refs/heads/main refs/remotes/main [63ms]
2023-05-09 04:24:11.904 [info] > git rev-parse --show-toplevel [64ms]
2023-05-09 04:24:11.906 [info] fatal: not a git repository (or any of the parent directories): .git
2023-05-09 04:24:11.910 [info] > git status -z -uall [10ms]
2023-05-09 04:24:11.934 [info] > git rev-parse --show-toplevel [24ms]
2023-05-09 04:24:11.934 [info] fatal: not a git repository (or any of the parent directories): .git
2023-05-09 04:24:11.939 [info] > git config --get commit.template [6ms]
2023-05-09 04:24:11.945 [info] > git rev-parse --show-toplevel [8ms]
2023-05-09 04:24:11.945 [info] fatal: not a git repository (or any of the parent directories): .git
2023-05-09 04:24:11.952 [info] > git for-each-ref --format=%(refname)%00%(upstream:short)%00%(objectname)%00%(upstream:track)%00%(upstream:remotename)%00%(upstream:remoteref) refs/heads/main refs/remotes/main [8ms]
2023-05-09 04:24:11.966 [info] > git status -z -uall [11ms]
2023-05-09 04:24:12.363 [info] > git show --textconv :src/rbtree.c [20ms]
2023-05-09 04:24:12.363 [info] > git show --textconv :test/test-rbtree.c [15ms]
2023-05-09 04:24:12.363 [info] > git ls-files --stage -- /home/ubuntu/rbtree-lab/test/test-rbtree.c [7ms]
2023-05-09 04:24:12.369 [info] > git ls-files --stage -- /home/ubuntu/rbtree-lab/src/rbtree.c [17ms]
2023-05-09 04:24:12.376 [info] > git cat-file -s 60ed53ead57d33ae01b83a6bd7c03f6484dab1ba [8ms]
2023-05-09 04:24:12.379 [info] > git cat-file -s 63e19f27fca971198aea3fa5f90ad44417207169 [6ms]
2023-05-09 04:24:12.443 [info] > git check-ignore -v -z --stdin [6ms]
2023-05-09 04:24:45.438 [info] > git config --get commit.template [5ms]
2023-05-09 04:24:45.440 [info] > git for-each-ref --format=%(refname)%00%(upstream:short)%00%(objectname)%00%(upstream:track)%00%(upstream:remotename)%00%(upstream:remoteref) refs/heads/main refs/remotes/main [4ms]
2023-05-09 04:24:45.446 [info] > git status -z -uall [3ms]
2023-05-09 04:24:50.460 [info] > git config --get commit.template [5ms]
2023-05-09 04:24:50.463 [info] > git for-each-ref --format=%(refname)%00%(upstream:short)%00%(objectname)%00%(upstream:track)%00%(upstream:remotename)%00%(upstream:remoteref) refs/heads/main refs/remotes/main [4ms]
2023-05-09 04:24:50.468 [info] > git status -z -uall [2ms]
2023-05-09 04:25:24.870 [info] > git config --get commit.template [7ms]
2023-05-09 04:25:24.872 [info] > git for-each-ref --format=%(refname)%00%(upstream:short)%00%(objectname)%00%(upstream:track)%00%(upstream:remotename)%00%(upstream:remoteref) refs/heads/main refs/remotes/main [5ms]
2023-05-09 04:25:24.878 [info] > git status -z -uall [3ms]
2023-05-09 04:25:29.893 [info] > git config --get commit.template [5ms]
2023-05-09 04:25:29.895 [info] > git for-each-ref --format=%(refname)%00%(upstream:short)%00%(objectname)%00%(upstream:track)%00%(upstream:remotename)%00%(upstream:remoteref) refs/heads/main refs/remotes/main [3ms]
2023-05-09 04:25:29.900 [info] > git status -z -uall [3ms]
2023-05-09 04:25:34.922 [info] > git config --get commit.template [5ms]
2023-05-09 04:25:34.927 [info] > git for-each-ref --format=%(refname)%00%(upstream:short)%00%(objectname)%00%(upstream:track)%00%(upstream:remotename)%00%(upstream:remoteref) refs/heads/main refs/remotes/main [6ms]
2023-05-09 04:25:34.937 [info] > git status -z -uall [5ms]
2023-05-09 04:25:39.950 [info] > git config --get commit.template [4ms]
2023-05-09 04:25:39.951 [info] > git for-each-ref --format=%(refname)%00%(upstream:short)%00%(objectname)%00%(upstream:track)%00%(upstream:remotename)%00%(upstream:remoteref) refs/heads/main refs/remotes/main [2ms]
2023-05-09 04:25:39.956 [info] > git status -z -uall [2ms]
2023-05-09 04:25:44.970 [info] > git config --get commit.template [6ms]
2023-05-09 04:25:44.972 [info] > git for-each-ref --format=%(refname)%00%(upstream:short)%00%(objectname)%00%(upstream:track)%00%(upstream:remotename)%00%(upstream:remoteref) refs/heads/main refs/remotes/main [4ms]
2023-05-09 04:25:44.977 [info] > git status -z -uall [2ms]
2023-05-09 04:25:55.912 [info] > git show --textconv :Makefile [6ms]
2023-05-09 04:25:55.914 [info] > git ls-files --stage -- /home/ubuntu/rbtree-lab/Makefile [3ms]
2023-05-09 04:25:55.919 [info] > git cat-file -s 00101f6dada9ccafb63c9901c067eeb27c619944 [1ms]
2023-05-09 04:26:11.048 [info] > git config --get commit.template [5ms]
2023-05-09 04:26:11.050 [info] > git for-each-ref --format=%(refname)%00%(upstream:short)%00%(objectname)%00%(upstream:track)%00%(upstream:remotename)%00%(upstream:remoteref) refs/heads/main refs/remotes/main [3ms]
2023-05-09 04:26:11.055 [info] > git status -z -uall [2ms]
2023-05-09 04:26:32.341 [info] > git config --get commit.template [5ms]
2023-05-09 04:26:32.343 [info] > git for-each-ref --format=%(refname)%00%(upstream:short)%00%(objectname)%00%(upstream:track)%00%(upstream:remotename)%00%(upstream:remoteref) refs/heads/main refs/remotes/main [2ms]
2023-05-09 04:26:32.348 [info] > git status -z -uall [2ms]
2023-05-09 04:26:51.406 [info] > git config --get commit.template [5ms]
2023-05-09 04:26:51.408 [info] > git for-each-ref --format=%(refname)%00%(upstream:short)%00%(objectname)%00%(upstream:track)%00%(upstream:remotename)%00%(upstream:remoteref) refs/heads/main refs/remotes/main [3ms]
2023-05-09 04:26:51.413 [info] > git status -z -uall [3ms]
2023-05-09 04:26:56.437 [info] > git config --get commit.template [6ms]
2023-05-09 04:26:56.443 [info] > git for-each-ref --format=%(refname)%00%(upstream:short)%00%(objectname)%00%(upstream:track)%00%(upstream:remotename)%00%(upstream:remoteref) refs/heads/main refs/remotes/main [7ms]
2023-05-09 04:26:56.450 [info] > git status -z -uall [3ms]
2023-05-09 04:27:05.336 [info] > git config --get commit.template [5ms]
2023-05-09 04:27:05.338 [info] > git for-each-ref --format=%(refname)%00%(upstream:short)%00%(objectname)%00%(upstream:track)%00%(upstream:remotename)%00%(upstream:remoteref) refs/heads/main refs/remotes/main [3ms]
2023-05-09 04:27:05.343 [info] > git status -z -uall [3ms]
2023-05-09 04:27:10.365 [info] > git config --get commit.template [9ms]
2023-05-09 04:27:10.367 [info] > git for-each-ref --format=%(refname)%00%(upstream:short)%00%(objectname)%00%(upstream:track)%00%(upstream:remotename)%00%(upstream:remoteref) refs/heads/main refs/remotes/main [3ms]
2023-05-09 04:27:10.379 [info] > git status -z -uall [7ms]
2023-05-09 04:27:25.451 [info] > git config --get commit.template [5ms]
2023-05-09 04:27:25.453 [info] > git for-each-ref --format=%(refname)%00%(upstream:short)%00%(objectname)%00%(upstream:track)%00%(upstream:remotename)%00%(upstream:remoteref) refs/heads/main refs/remotes/main [3ms]
2023-05-09 04:27:25.458 [info] > git status -z -uall [2ms]
2023-05-09 04:27:50.101 [info] > git config --get commit.template [4ms]
2023-05-09 04:27:50.102 [info] > git for-each-ref --format=%(refname)%00%(upstream:short)%00%(objectname)%00%(upstream:track)%00%(upstream:remotename)%00%(upstream:remoteref) refs/heads/main refs/remotes/main [2ms]
2023-05-09 04:27:50.107 [info] > git status -z -uall [2ms]
2023-05-09 04:27:55.755 [info] > git config --get commit.template [6ms]
2023-05-09 04:27:55.760 [info] > git check-ignore -v -z --stdin [6ms]
2023-05-09 04:27:55.763 [info] > git for-each-ref --format=%(refname)%00%(upstream:short)%00%(objectname)%00%(upstream:track)%00%(upstream:remotename)%00%(upstream:remoteref) refs/heads/main refs/remotes/main [4ms]
2023-05-09 04:27:55.769 [info] > git status -z -uall [3ms]
2023-05-09 04:28:00.780 [info] > git config --get commit.template [4ms]
2023-05-09 04:28:00.782 [info] > git for-each-ref --format=%(refname)%00%(upstream:short)%00%(objectname)%00%(upstream:track)%00%(upstream:remotename)%00%(upstream:remoteref) refs/heads/main refs/remotes/main [2ms]
2023-05-09 04:28:00.787 [info] > git status -z -uall [2ms]
2023-05-09 04:28:05.798 [info] > git config --get commit.template [4ms]
2023-05-09 04:28:05.800 [info] > git for-each-ref --format=%(refname)%00%(upstream:short)%00%(objectname)%00%(upstream:track)%00%(upstream:remotename)%00%(upstream:remoteref) refs/heads/main refs/remotes/main [2ms]
2023-05-09 04:28:05.806 [info] > git status -z -uall [2ms]
2023-05-09 04:31:57.202 [info] > git config --get commit.template [4ms]
2023-05-09 04:31:57.204 [info] > git for-each-ref --format=%(refname)%00%(upstream:short)%00%(objectname)%00%(upstream:track)%00%(upstream:remotename)%00%(upstream:remoteref) refs/heads/main refs/remotes/main [2ms]
2023-05-09 04:31:57.209 [info] > git status -z -uall [2ms]
2023-05-09 04:32:02.222 [info] > git config --get commit.template [5ms]
2023-05-09 04:32:02.224 [info] > git for-each-ref --format=%(refname)%00%(upstream:short)%00%(objectname)%00%(upstream:track)%00%(upstream:remotename)%00%(upstream:remoteref) refs/heads/main refs/remotes/main [3ms]
2023-05-09 04:32:02.229 [info] > git status -z -uall [2ms]
2023-05-09 04:33:50.568 [info] > git config --get commit.template [4ms]
2023-05-09 04:33:50.570 [info] > git for-each-ref --format=%(refname)%00%(upstream:short)%00%(objectname)%00%(upstream:track)%00%(upstream:remotename)%00%(upstream:remoteref) refs/heads/main refs/remotes/main [2ms]
2023-05-09 04:33:50.575 [info] > git status -z -uall [3ms]
2023-05-09 04:33:55.587 [info] > git config --get commit.template [4ms]
2023-05-09 04:33:55.589 [info] > git for-each-ref --format=%(refname)%00%(upstream:short)%00%(objectname)%00%(upstream:track)%00%(upstream:remotename)%00%(upstream:remoteref) refs/heads/main refs/remotes/main [3ms]
2023-05-09 04:33:55.593 [info] > git status -z -uall [2ms]
2023-05-09 04:35:17.686 [info] > git check-ignore -v -z --stdin [2ms]
2023-05-09 04:35:30.403 [info] > git config --get commit.template [7ms]
2023-05-09 04:35:30.407 [info] > git for-each-ref --format=%(refname)%00%(upstream:short)%00%(objectname)%00%(upstream:track)%00%(upstream:remotename)%00%(upstream:remoteref) refs/heads/main refs/remotes/main [5ms]
2023-05-09 04:35:30.413 [info] > git status -z -uall [3ms]
2023-05-09 04:35:35.426 [info] > git config --get commit.template [4ms]
2023-05-09 04:35:35.428 [info] > git for-each-ref --format=%(refname)%00%(upstream:short)%00%(objectname)%00%(upstream:track)%00%(upstream:remotename)%00%(upstream:remoteref) refs/heads/main refs/remotes/main [2ms]
2023-05-09 04:35:35.432 [info] > git status -z -uall [2ms]
2023-05-09 04:35:40.858 [info] > git config --get commit.template [8ms]
2023-05-09 04:35:40.860 [info] > git for-each-ref --format=%(refname)%00%(upstream:short)%00%(objectname)%00%(upstream:track)%00%(upstream:remotename)%00%(upstream:remoteref) refs/heads/main refs/remotes/main [2ms]
2023-05-09 04:35:40.866 [info] > git status -z -uall [2ms]
2023-05-09 04:35:46.554 [info] > git config --get commit.template [4ms]
2023-05-09 04:35:46.556 [info] > git for-each-ref --format=%(refname)%00%(upstream:short)%00%(objectname)%00%(upstream:track)%00%(upstream:remotename)%00%(upstream:remoteref) refs/heads/main refs/remotes/main [2ms]
2023-05-09 04:35:46.561 [info] > git status -z -uall [2ms]
2023-05-09 04:35:52.374 [info] > git config --get commit.template [5ms]
2023-05-09 04:35:52.376 [info] > git for-each-ref --format=%(refname)%00%(upstream:short)%00%(objectname)%00%(upstream:track)%00%(upstream:remotename)%00%(upstream:remoteref) refs/heads/main refs/remotes/main [3ms]
2023-05-09 04:35:52.395 [info] > git status -z -uall [7ms]
2023-05-09 04:35:57.406 [info] > git config --get commit.template [5ms]
2023-05-09 04:35:57.408 [info] > git for-each-ref --format=%(refname)%00%(upstream:short)%00%(objectname)%00%(upstream:track)%00%(upstream:remotename)%00%(upstream:remoteref) refs/heads/main refs/remotes/main [3ms]
2023-05-09 04:35:57.413 [info] > git status -z -uall [2ms]
