2023-05-08 04:27:08.759 [info] Log level: Info
2023-05-08 04:27:08.759 [info] Validating found git in: "git"
2023-05-08 04:27:08.760 [info] Using git "2.25.1" from "git"
2023-05-08 04:27:08.760 [info] > git rev-parse --show-toplevel [55ms]
2023-05-08 04:27:08.760 [info] fatal: not a git repository (or any of the parent directories): .git
2023-05-08 04:27:08.760 [info] > git rev-parse --show-toplevel [16ms]
2023-05-08 04:27:08.760 [info] > git rev-parse --git-dir --git-common-dir [17ms]
2023-05-08 04:27:08.761 [info] Open repository: /home/ubuntu/rbtree-lab
2023-05-08 04:27:08.761 [info] > git rev-parse --show-toplevel [46ms]
2023-05-08 04:27:08.761 [info] > git config --get commit.template [46ms]
2023-05-08 04:27:08.761 [info] > git rev-parse --show-toplevel [17ms]
2023-05-08 04:27:08.762 [info] fatal: not a git repository (or any of the parent directories): .git
2023-05-08 04:27:08.762 [info] > git for-each-ref --format=%(refname)%00%(upstream:short)%00%(objectname)%00%(upstream:track)%00%(upstream:remotename)%00%(upstream:remoteref) refs/heads/main refs/remotes/main [15ms]
2023-05-08 04:27:08.762 [info] > git rev-parse --show-toplevel [11ms]
2023-05-08 04:27:08.762 [info] fatal: not a git repository (or any of the parent directories): .git
2023-05-08 04:27:08.762 [info] > git status -z -uall [8ms]
2023-05-08 04:27:08.763 [info] > git rev-parse --show-toplevel [16ms]
2023-05-08 04:27:08.763 [info] fatal: not a git repository (or any of the parent directories): .git
2023-05-08 04:27:08.763 [info] > git config --get commit.template [5ms]
2023-05-08 04:27:08.763 [info] > git rev-parse --show-toplevel [8ms]
2023-05-08 04:27:08.764 [info] fatal: not a git repository (or any of the parent directories): .git
2023-05-08 04:27:08.766 [info] > git rev-parse --show-toplevel [13ms]
2023-05-08 04:27:08.766 [info] fatal: not a git repository (or any of the parent directories): .git
2023-05-08 04:27:08.770 [info] > git for-each-ref --format=%(refname)%00%(upstream:short)%00%(objectname)%00%(upstream:track)%00%(upstream:remotename)%00%(upstream:remoteref) refs/heads/main refs/remotes/main [21ms]
2023-05-08 04:27:08.776 [info] > git rev-parse --show-toplevel [6ms]
2023-05-08 04:27:08.776 [info] fatal: not a git repository (or any of the parent directories): .git
2023-05-08 04:27:08.784 [info] > git status -z -uall [11ms]
2023-05-08 04:27:09.136 [info] > git show --textconv :src/rbtree.c [15ms]
2023-05-08 04:27:09.137 [info] > git show --textconv :test/test-rbtree.c [11ms]
2023-05-08 04:27:09.137 [info] > git ls-files --stage -- /home/ubuntu/rbtree-lab/src/rbtree.c [6ms]
2023-05-08 04:27:09.143 [info] > git ls-files --stage -- /home/ubuntu/rbtree-lab/test/test-rbtree.c [8ms]
2023-05-08 04:27:09.148 [info] > git cat-file -s 63e19f27fca971198aea3fa5f90ad44417207169 [7ms]
2023-05-08 04:27:09.151 [info] > git cat-file -s 60ed53ead57d33ae01b83a6bd7c03f6484dab1ba [4ms]
2023-05-08 04:27:09.207 [info] > git check-ignore -v -z --stdin [3ms]
2023-05-08 04:27:46.707 [info] > git show --textconv :test/Makefile [5ms]
2023-05-08 04:27:46.711 [info] > git ls-files --stage -- /home/ubuntu/rbtree-lab/test/Makefile [4ms]
2023-05-08 04:27:46.715 [info] > git cat-file -s 0233f364971fae153cb14956853bbe96094847a7 [2ms]
2023-05-08 04:27:53.093 [info] > git config --get commit.template [12ms]
2023-05-08 04:27:53.096 [info] > git for-each-ref --format=%(refname)%00%(upstream:short)%00%(objectname)%00%(upstream:track)%00%(upstream:remotename)%00%(upstream:remoteref) refs/heads/main refs/remotes/main [12ms]
2023-05-08 04:27:53.105 [info] > git status -z -uall [6ms]
2023-05-08 04:27:55.706 [info] > git check-ignore -v -z --stdin [3ms]
2023-05-08 04:28:08.551 [info] > git config --get commit.template [6ms]
2023-05-08 04:28:08.553 [info] > git for-each-ref --format=%(refname)%00%(upstream:short)%00%(objectname)%00%(upstream:track)%00%(upstream:remotename)%00%(upstream:remoteref) refs/heads/main refs/remotes/main [3ms]
2023-05-08 04:28:08.559 [info] > git status -z -uall [3ms]
2023-05-08 04:28:13.575 [info] > git config --get commit.template [8ms]
2023-05-08 04:28:13.578 [info] > git for-each-ref --format=%(refname)%00%(upstream:short)%00%(objectname)%00%(upstream:track)%00%(upstream:remotename)%00%(upstream:remoteref) refs/heads/main refs/remotes/main [7ms]
2023-05-08 04:28:13.584 [info] > git status -z -uall [3ms]
2023-05-08 04:28:33.736 [info] > git config --get commit.template [5ms]
2023-05-08 04:28:33.738 [info] > git for-each-ref --format=%(refname)%00%(upstream:short)%00%(objectname)%00%(upstream:track)%00%(upstream:remotename)%00%(upstream:remoteref) refs/heads/main refs/remotes/main [3ms]
2023-05-08 04:28:33.743 [info] > git status -z -uall [3ms]
2023-05-08 04:28:56.520 [info] > git show --textconv :src/rbtree.h [5ms]
2023-05-08 04:28:56.523 [info] > git ls-files --stage -- /home/ubuntu/rbtree-lab/src/rbtree.h [4ms]
2023-05-08 04:28:56.528 [info] > git cat-file -s f34ff062785d76947c9a53aa163519f29778bcec [1ms]
2023-05-08 04:39:09.000 [info] > git show --textconv :src/Makefile [5ms]
2023-05-08 04:39:09.002 [info] > git ls-files --stage -- /home/ubuntu/rbtree-lab/src/Makefile [3ms]
2023-05-08 04:39:09.006 [info] > git cat-file -s 94b077a7afc2be8bc3b783daed53c31dc62d92b6 [1ms]
2023-05-08 04:46:14.173 [info] > git config --get commit.template [5ms]
2023-05-08 04:46:14.175 [info] > git for-each-ref --format=%(refname)%00%(upstream:short)%00%(objectname)%00%(upstream:track)%00%(upstream:remotename)%00%(upstream:remoteref) refs/heads/main refs/remotes/main [2ms]
2023-05-08 04:46:14.180 [info] > git status -z -uall [2ms]
2023-05-08 04:56:20.425 [info] > git config --get commit.template [5ms]
2023-05-08 04:56:20.427 [info] > git for-each-ref --format=%(refname)%00%(upstream:short)%00%(objectname)%00%(upstream:track)%00%(upstream:remotename)%00%(upstream:remoteref) refs/heads/main refs/remotes/main [3ms]
2023-05-08 04:56:20.433 [info] > git status -z -uall [3ms]
2023-05-08 05:04:21.574 [info] > git config --get commit.template [5ms]
2023-05-08 05:04:21.576 [info] > git for-each-ref --format=%(refname)%00%(upstream:short)%00%(objectname)%00%(upstream:track)%00%(upstream:remotename)%00%(upstream:remoteref) refs/heads/main refs/remotes/main [3ms]
2023-05-08 05:04:21.582 [info] > git status -z -uall [3ms]
2023-05-08 05:09:24.073 [info] > git config --get commit.template [6ms]
2023-05-08 05:09:24.076 [info] > git for-each-ref --format=%(refname)%00%(upstream:short)%00%(objectname)%00%(upstream:track)%00%(upstream:remotename)%00%(upstream:remoteref) refs/heads/main refs/remotes/main [3ms]
2023-05-08 05:09:24.082 [info] > git status -z -uall [3ms]
2023-05-08 05:10:29.582 [info] > git config --get commit.template [5ms]
2023-05-08 05:10:29.584 [info] > git for-each-ref --format=%(refname)%00%(upstream:short)%00%(objectname)%00%(upstream:track)%00%(upstream:remotename)%00%(upstream:remoteref) refs/heads/main refs/remotes/main [3ms]
2023-05-08 05:10:29.589 [info] > git status -z -uall [2ms]
2023-05-08 05:16:11.023 [info] > git config --get commit.template [6ms]
2023-05-08 05:16:11.025 [info] > git for-each-ref --format=%(refname)%00%(upstream:short)%00%(objectname)%00%(upstream:track)%00%(upstream:remotename)%00%(upstream:remoteref) refs/heads/main refs/remotes/main [3ms]
2023-05-08 05:16:11.030 [info] > git status -z -uall [2ms]
2023-05-08 05:40:04.183 [info] > git config --get commit.template [4ms]
2023-05-08 05:40:04.186 [info] > git for-each-ref --format=%(refname)%00%(upstream:short)%00%(objectname)%00%(upstream:track)%00%(upstream:remotename)%00%(upstream:remoteref) refs/heads/main refs/remotes/main [2ms]
2023-05-08 05:40:04.194 [info] > git status -z -uall [2ms]
2023-05-08 05:40:41.984 [info] > git config --get commit.template [5ms]
2023-05-08 05:40:41.987 [info] > git for-each-ref --format=%(refname)%00%(upstream:short)%00%(objectname)%00%(upstream:track)%00%(upstream:remotename)%00%(upstream:remoteref) refs/heads/main refs/remotes/main [3ms]
2023-05-08 05:40:41.992 [info] > git status -z -uall [2ms]
2023-05-08 05:41:50.294 [info] > git config --get commit.template [5ms]
2023-05-08 05:41:50.296 [info] > git for-each-ref --format=%(refname)%00%(upstream:short)%00%(objectname)%00%(upstream:track)%00%(upstream:remotename)%00%(upstream:remoteref) refs/heads/main refs/remotes/main [3ms]
2023-05-08 05:41:50.302 [info] > git status -z -uall [3ms]
2023-05-08 05:44:52.556 [info] > git config --get commit.template [5ms]
2023-05-08 05:44:52.558 [info] > git for-each-ref --format=%(refname)%00%(upstream:short)%00%(objectname)%00%(upstream:track)%00%(upstream:remotename)%00%(upstream:remoteref) refs/heads/main refs/remotes/main [2ms]
2023-05-08 05:44:52.564 [info] > git status -z -uall [3ms]
2023-05-08 05:45:57.856 [info] > git config --get commit.template [4ms]
2023-05-08 05:45:57.859 [info] > git for-each-ref --format=%(refname)%00%(upstream:short)%00%(objectname)%00%(upstream:track)%00%(upstream:remotename)%00%(upstream:remoteref) refs/heads/main refs/remotes/main [3ms]
2023-05-08 05:45:57.865 [info] > git status -z -uall [3ms]
2023-05-08 05:46:27.514 [info] > git config --get commit.template [5ms]
2023-05-08 05:46:27.516 [info] > git for-each-ref --format=%(refname)%00%(upstream:short)%00%(objectname)%00%(upstream:track)%00%(upstream:remotename)%00%(upstream:remoteref) refs/heads/main refs/remotes/main [3ms]
2023-05-08 05:46:27.521 [info] > git status -z -uall [2ms]
2023-05-08 05:51:45.024 [info] > git config --get commit.template [5ms]
2023-05-08 05:51:45.026 [info] > git for-each-ref --format=%(refname)%00%(upstream:short)%00%(objectname)%00%(upstream:track)%00%(upstream:remotename)%00%(upstream:remoteref) refs/heads/main refs/remotes/main [3ms]
2023-05-08 05:51:45.031 [info] > git status -z -uall [3ms]
2023-05-08 05:52:05.474 [info] > git config --get commit.template [6ms]
2023-05-08 05:52:05.476 [info] > git for-each-ref --format=%(refname)%00%(upstream:short)%00%(objectname)%00%(upstream:track)%00%(upstream:remotename)%00%(upstream:remoteref) refs/heads/main refs/remotes/main [3ms]
2023-05-08 05:52:05.482 [info] > git status -z -uall [2ms]
2023-05-08 05:52:43.842 [info] > git config --get commit.template [4ms]
2023-05-08 05:52:43.844 [info] > git for-each-ref --format=%(refname)%00%(upstream:short)%00%(objectname)%00%(upstream:track)%00%(upstream:remotename)%00%(upstream:remoteref) refs/heads/main refs/remotes/main [2ms]
2023-05-08 05:52:43.850 [info] > git status -z -uall [3ms]
2023-05-08 06:00:39.624 [info] > git config --get commit.template [5ms]
2023-05-08 06:00:39.626 [info] > git for-each-ref --format=%(refname)%00%(upstream:short)%00%(objectname)%00%(upstream:track)%00%(upstream:remotename)%00%(upstream:remoteref) refs/heads/main refs/remotes/main [2ms]
2023-05-08 06:00:39.631 [info] > git status -z -uall [2ms]
2023-05-08 06:00:53.746 [info] > git config --get commit.template [4ms]
2023-05-08 06:00:53.748 [info] > git for-each-ref --format=%(refname)%00%(upstream:short)%00%(objectname)%00%(upstream:track)%00%(upstream:remotename)%00%(upstream:remoteref) refs/heads/main refs/remotes/main [2ms]
2023-05-08 06:00:53.753 [info] > git status -z -uall [2ms]
2023-05-08 06:01:41.192 [info] > git config --get commit.template [4ms]
2023-05-08 06:01:41.195 [info] > git for-each-ref --format=%(refname)%00%(upstream:short)%00%(objectname)%00%(upstream:track)%00%(upstream:remotename)%00%(upstream:remoteref) refs/heads/main refs/remotes/main [3ms]
2023-05-08 06:01:41.200 [info] > git status -z -uall [2ms]
2023-05-08 06:02:04.718 [info] > git config --get commit.template [5ms]
2023-05-08 06:02:04.720 [info] > git for-each-ref --format=%(refname)%00%(upstream:short)%00%(objectname)%00%(upstream:track)%00%(upstream:remotename)%00%(upstream:remoteref) refs/heads/main refs/remotes/main [3ms]
2023-05-08 06:02:04.726 [info] > git status -z -uall [3ms]
2023-05-08 06:02:36.269 [info] > git config --get commit.template [4ms]
2023-05-08 06:02:36.271 [info] > git for-each-ref --format=%(refname)%00%(upstream:short)%00%(objectname)%00%(upstream:track)%00%(upstream:remotename)%00%(upstream:remoteref) refs/heads/main refs/remotes/main [2ms]
2023-05-08 06:02:36.276 [info] > git status -z -uall [2ms]
2023-05-08 06:03:29.469 [info] > git config --get commit.template [6ms]
2023-05-08 06:03:29.471 [info] > git for-each-ref --format=%(refname)%00%(upstream:short)%00%(objectname)%00%(upstream:track)%00%(upstream:remotename)%00%(upstream:remoteref) refs/heads/main refs/remotes/main [3ms]
2023-05-08 06:03:29.476 [info] > git status -z -uall [2ms]
2023-05-08 06:05:20.652 [info] > git config --get commit.template [4ms]
2023-05-08 06:05:20.654 [info] > git for-each-ref --format=%(refname)%00%(upstream:short)%00%(objectname)%00%(upstream:track)%00%(upstream:remotename)%00%(upstream:remoteref) refs/heads/main refs/remotes/main [3ms]
2023-05-08 06:05:20.660 [info] > git status -z -uall [3ms]
2023-05-08 06:05:39.902 [info] > git config --get commit.template [4ms]
2023-05-08 06:05:39.905 [info] > git for-each-ref --format=%(refname)%00%(upstream:short)%00%(objectname)%00%(upstream:track)%00%(upstream:remotename)%00%(upstream:remoteref) refs/heads/main refs/remotes/main [2ms]
2023-05-08 06:05:39.909 [info] > git status -z -uall [2ms]
2023-05-08 06:05:47.325 [info] > git config --get commit.template [5ms]
2023-05-08 06:05:47.327 [info] > git for-each-ref --format=%(refname)%00%(upstream:short)%00%(objectname)%00%(upstream:track)%00%(upstream:remotename)%00%(upstream:remoteref) refs/heads/main refs/remotes/main [3ms]
2023-05-08 06:05:47.332 [info] > git status -z -uall [2ms]
2023-05-08 06:05:57.037 [info] > git config --get commit.template [5ms]
2023-05-08 06:05:57.039 [info] > git for-each-ref --format=%(refname)%00%(upstream:short)%00%(objectname)%00%(upstream:track)%00%(upstream:remotename)%00%(upstream:remoteref) refs/heads/main refs/remotes/main [2ms]
2023-05-08 06:05:57.044 [info] > git status -z -uall [2ms]
2023-05-08 06:06:02.055 [info] > git config --get commit.template [5ms]
2023-05-08 06:06:02.057 [info] > git for-each-ref --format=%(refname)%00%(upstream:short)%00%(objectname)%00%(upstream:track)%00%(upstream:remotename)%00%(upstream:remoteref) refs/heads/main refs/remotes/main [3ms]
2023-05-08 06:06:02.062 [info] > git status -z -uall [2ms]
2023-05-08 06:06:58.972 [info] > git config --get commit.template [5ms]
2023-05-08 06:06:58.974 [info] > git for-each-ref --format=%(refname)%00%(upstream:short)%00%(objectname)%00%(upstream:track)%00%(upstream:remotename)%00%(upstream:remoteref) refs/heads/main refs/remotes/main [3ms]
2023-05-08 06:06:58.979 [info] > git status -z -uall [3ms]
2023-05-08 06:07:56.271 [info] > git config --get commit.template [6ms]
2023-05-08 06:07:56.273 [info] > git for-each-ref --format=%(refname)%00%(upstream:short)%00%(objectname)%00%(upstream:track)%00%(upstream:remotename)%00%(upstream:remoteref) refs/heads/main refs/remotes/main [4ms]
2023-05-08 06:07:56.278 [info] > git status -z -uall [2ms]
2023-05-08 06:08:33.893 [info] > git config --get commit.template [5ms]
2023-05-08 06:08:33.895 [info] > git for-each-ref --format=%(refname)%00%(upstream:short)%00%(objectname)%00%(upstream:track)%00%(upstream:remotename)%00%(upstream:remoteref) refs/heads/main refs/remotes/main [2ms]
2023-05-08 06:08:33.901 [info] > git status -z -uall [3ms]
2023-05-08 06:09:46.712 [info] > git config --get commit.template [5ms]
2023-05-08 06:09:46.714 [info] > git for-each-ref --format=%(refname)%00%(upstream:short)%00%(objectname)%00%(upstream:track)%00%(upstream:remotename)%00%(upstream:remoteref) refs/heads/main refs/remotes/main [3ms]
2023-05-08 06:09:46.719 [info] > git status -z -uall [2ms]
2023-05-08 06:09:55.710 [info] > git config --get commit.template [5ms]
2023-05-08 06:09:55.712 [info] > git for-each-ref --format=%(refname)%00%(upstream:short)%00%(objectname)%00%(upstream:track)%00%(upstream:remotename)%00%(upstream:remoteref) refs/heads/main refs/remotes/main [2ms]
2023-05-08 06:09:55.717 [info] > git status -z -uall [2ms]
2023-05-08 06:10:01.504 [info] > git config --get commit.template [5ms]
2023-05-08 06:10:01.506 [info] > git for-each-ref --format=%(refname)%00%(upstream:short)%00%(objectname)%00%(upstream:track)%00%(upstream:remotename)%00%(upstream:remoteref) refs/heads/main refs/remotes/main [3ms]
2023-05-08 06:10:01.512 [info] > git status -z -uall [3ms]
2023-05-08 06:14:31.550 [info] > git config --get commit.template [5ms]
2023-05-08 06:14:31.552 [info] > git for-each-ref --format=%(refname)%00%(upstream:short)%00%(objectname)%00%(upstream:track)%00%(upstream:remotename)%00%(upstream:remoteref) refs/heads/main refs/remotes/main [2ms]
2023-05-08 06:14:31.559 [info] > git status -z -uall [4ms]
2023-05-08 06:14:48.586 [info] > git config --get commit.template [4ms]
2023-05-08 06:14:48.589 [info] > git for-each-ref --format=%(refname)%00%(upstream:short)%00%(objectname)%00%(upstream:track)%00%(upstream:remotename)%00%(upstream:remoteref) refs/heads/main refs/remotes/main [2ms]
2023-05-08 06:14:48.594 [info] > git status -z -uall [2ms]
2023-05-08 06:15:20.429 [info] > git config --get commit.template [5ms]
2023-05-08 06:15:20.431 [info] > git for-each-ref --format=%(refname)%00%(upstream:short)%00%(objectname)%00%(upstream:track)%00%(upstream:remotename)%00%(upstream:remoteref) refs/heads/main refs/remotes/main [3ms]
2023-05-08 06:15:20.437 [info] > git status -z -uall [2ms]
2023-05-08 06:15:26.417 [info] > git config --get commit.template [5ms]
2023-05-08 06:15:26.419 [info] > git for-each-ref --format=%(refname)%00%(upstream:short)%00%(objectname)%00%(upstream:track)%00%(upstream:remotename)%00%(upstream:remoteref) refs/heads/main refs/remotes/main [3ms]
2023-05-08 06:15:26.426 [info] > git status -z -uall [4ms]
2023-05-08 06:15:31.438 [info] > git config --get commit.template [6ms]
2023-05-08 06:15:31.440 [info] > git for-each-ref --format=%(refname)%00%(upstream:short)%00%(objectname)%00%(upstream:track)%00%(upstream:remotename)%00%(upstream:remoteref) refs/heads/main refs/remotes/main [2ms]
2023-05-08 06:15:31.446 [info] > git status -z -uall [3ms]
2023-05-08 06:15:36.458 [info] > git config --get commit.template [5ms]
2023-05-08 06:15:36.461 [info] > git for-each-ref --format=%(refname)%00%(upstream:short)%00%(objectname)%00%(upstream:track)%00%(upstream:remotename)%00%(upstream:remoteref) refs/heads/main refs/remotes/main [3ms]
2023-05-08 06:15:36.471 [info] > git status -z -uall [4ms]
2023-05-08 06:15:50.990 [info] > git config --get commit.template [5ms]
2023-05-08 06:15:50.994 [info] > git for-each-ref --format=%(refname)%00%(upstream:short)%00%(objectname)%00%(upstream:track)%00%(upstream:remotename)%00%(upstream:remoteref) refs/heads/main refs/remotes/main [5ms]
2023-05-08 06:15:50.999 [info] > git status -z -uall [2ms]
2023-05-08 06:15:56.010 [info] > git config --get commit.template [4ms]
2023-05-08 06:15:56.012 [info] > git for-each-ref --format=%(refname)%00%(upstream:short)%00%(objectname)%00%(upstream:track)%00%(upstream:remotename)%00%(upstream:remoteref) refs/heads/main refs/remotes/main [2ms]
2023-05-08 06:15:56.018 [info] > git status -z -uall [3ms]
2023-05-08 06:16:01.030 [info] > git config --get commit.template [4ms]
2023-05-08 06:16:01.032 [info] > git for-each-ref --format=%(refname)%00%(upstream:short)%00%(objectname)%00%(upstream:track)%00%(upstream:remotename)%00%(upstream:remoteref) refs/heads/main refs/remotes/main [3ms]
2023-05-08 06:16:01.037 [info] > git status -z -uall [2ms]
2023-05-08 06:17:52.715 [info] > git config --get commit.template [5ms]
2023-05-08 06:17:52.717 [info] > git for-each-ref --format=%(refname)%00%(upstream:short)%00%(objectname)%00%(upstream:track)%00%(upstream:remotename)%00%(upstream:remoteref) refs/heads/main refs/remotes/main [3ms]
2023-05-08 06:17:52.722 [info] > git status -z -uall [2ms]
2023-05-08 06:18:50.043 [info] > git config --get commit.template [6ms]
2023-05-08 06:18:50.045 [info] > git for-each-ref --format=%(refname)%00%(upstream:short)%00%(objectname)%00%(upstream:track)%00%(upstream:remotename)%00%(upstream:remoteref) refs/heads/main refs/remotes/main [3ms]
2023-05-08 06:18:50.051 [info] > git status -z -uall [2ms]
2023-05-08 06:18:59.782 [info] > git config --get commit.template [5ms]
2023-05-08 06:18:59.784 [info] > git for-each-ref --format=%(refname)%00%(upstream:short)%00%(objectname)%00%(upstream:track)%00%(upstream:remotename)%00%(upstream:remoteref) refs/heads/main refs/remotes/main [3ms]
2023-05-08 06:18:59.789 [info] > git status -z -uall [2ms]
2023-05-08 06:19:04.800 [info] > git config --get commit.template [5ms]
2023-05-08 06:19:04.802 [info] > git for-each-ref --format=%(refname)%00%(upstream:short)%00%(objectname)%00%(upstream:track)%00%(upstream:remotename)%00%(upstream:remoteref) refs/heads/main refs/remotes/main [3ms]
2023-05-08 06:19:04.809 [info] > git status -z -uall [4ms]
2023-05-08 06:19:18.167 [info] > git config --get commit.template [4ms]
2023-05-08 06:19:18.169 [info] > git for-each-ref --format=%(refname)%00%(upstream:short)%00%(objectname)%00%(upstream:track)%00%(upstream:remotename)%00%(upstream:remoteref) refs/heads/main refs/remotes/main [3ms]
2023-05-08 06:19:18.174 [info] > git status -z -uall [2ms]
2023-05-08 06:19:47.706 [info] > git config --get commit.template [4ms]
2023-05-08 06:19:47.708 [info] > git for-each-ref --format=%(refname)%00%(upstream:short)%00%(objectname)%00%(upstream:track)%00%(upstream:remotename)%00%(upstream:remoteref) refs/heads/main refs/remotes/main [3ms]
2023-05-08 06:19:47.713 [info] > git status -z -uall [2ms]
2023-05-08 06:19:52.725 [info] > git config --get commit.template [4ms]
2023-05-08 06:19:52.728 [info] > git for-each-ref --format=%(refname)%00%(upstream:short)%00%(objectname)%00%(upstream:track)%00%(upstream:remotename)%00%(upstream:remoteref) refs/heads/main refs/remotes/main [3ms]
2023-05-08 06:19:52.733 [info] > git status -z -uall [2ms]
2023-05-08 06:20:07.218 [info] > git config --get commit.template [6ms]
2023-05-08 06:20:07.220 [info] > git for-each-ref --format=%(refname)%00%(upstream:short)%00%(objectname)%00%(upstream:track)%00%(upstream:remotename)%00%(upstream:remoteref) refs/heads/main refs/remotes/main [4ms]
2023-05-08 06:20:07.225 [info] > git status -z -uall [2ms]
2023-05-08 06:20:12.238 [info] > git config --get commit.template [6ms]
2023-05-08 06:20:12.240 [info] > git for-each-ref --format=%(refname)%00%(upstream:short)%00%(objectname)%00%(upstream:track)%00%(upstream:remotename)%00%(upstream:remoteref) refs/heads/main refs/remotes/main [2ms]
2023-05-08 06:20:12.246 [info] > git status -z -uall [3ms]
2023-05-08 06:39:36.638 [info] > git config --get commit.template [5ms]
2023-05-08 06:39:36.640 [info] > git for-each-ref --format=%(refname)%00%(upstream:short)%00%(objectname)%00%(upstream:track)%00%(upstream:remotename)%00%(upstream:remoteref) refs/heads/main refs/remotes/main [3ms]
2023-05-08 06:39:36.646 [info] > git status -z -uall [3ms]
2023-05-08 06:41:35.721 [info] > git config --get commit.template [5ms]
2023-05-08 06:41:35.723 [info] > git for-each-ref --format=%(refname)%00%(upstream:short)%00%(objectname)%00%(upstream:track)%00%(upstream:remotename)%00%(upstream:remoteref) refs/heads/main refs/remotes/main [3ms]
2023-05-08 06:41:35.729 [info] > git status -z -uall [3ms]
2023-05-08 06:45:10.657 [info] > git config --get commit.template [5ms]
2023-05-08 06:45:10.659 [info] > git for-each-ref --format=%(refname)%00%(upstream:short)%00%(objectname)%00%(upstream:track)%00%(upstream:remotename)%00%(upstream:remoteref) refs/heads/main refs/remotes/main [3ms]
2023-05-08 06:45:10.664 [info] > git status -z -uall [2ms]
2023-05-08 06:47:09.081 [info] > git config --get commit.template [5ms]
2023-05-08 06:47:09.083 [info] > git for-each-ref --format=%(refname)%00%(upstream:short)%00%(objectname)%00%(upstream:track)%00%(upstream:remotename)%00%(upstream:remoteref) refs/heads/main refs/remotes/main [3ms]
2023-05-08 06:47:09.088 [info] > git status -z -uall [2ms]
2023-05-08 06:48:11.968 [info] > git config --get commit.template [6ms]
2023-05-08 06:48:11.970 [info] > git for-each-ref --format=%(refname)%00%(upstream:short)%00%(objectname)%00%(upstream:track)%00%(upstream:remotename)%00%(upstream:remoteref) refs/heads/main refs/remotes/main [3ms]
2023-05-08 06:48:11.976 [info] > git status -z -uall [3ms]
2023-05-08 06:48:35.780 [info] > git config --get commit.template [4ms]
2023-05-08 06:48:35.783 [info] > git for-each-ref --format=%(refname)%00%(upstream:short)%00%(objectname)%00%(upstream:track)%00%(upstream:remotename)%00%(upstream:remoteref) refs/heads/main refs/remotes/main [3ms]
2023-05-08 06:48:35.790 [info] > git status -z -uall [4ms]
2023-05-08 06:48:46.121 [info] > git config --get commit.template [4ms]
2023-05-08 06:48:46.123 [info] > git for-each-ref --format=%(refname)%00%(upstream:short)%00%(objectname)%00%(upstream:track)%00%(upstream:remotename)%00%(upstream:remoteref) refs/heads/main refs/remotes/main [3ms]
2023-05-08 06:48:46.128 [info] > git status -z -uall [2ms]
2023-05-08 06:49:27.922 [info] > git config --get commit.template [5ms]
2023-05-08 06:49:27.924 [info] > git for-each-ref --format=%(refname)%00%(upstream:short)%00%(objectname)%00%(upstream:track)%00%(upstream:remotename)%00%(upstream:remoteref) refs/heads/main refs/remotes/main [3ms]
2023-05-08 06:49:27.930 [info] > git status -z -uall [3ms]
2023-05-08 07:00:54.939 [info] > git config --get commit.template [5ms]
2023-05-08 07:00:54.941 [info] > git for-each-ref --format=%(refname)%00%(upstream:short)%00%(objectname)%00%(upstream:track)%00%(upstream:remotename)%00%(upstream:remoteref) refs/heads/main refs/remotes/main [3ms]
2023-05-08 07:00:54.946 [info] > git status -z -uall [2ms]
2023-05-08 07:00:59.956 [info] > git config --get commit.template [4ms]
2023-05-08 07:00:59.958 [info] > git for-each-ref --format=%(refname)%00%(upstream:short)%00%(objectname)%00%(upstream:track)%00%(upstream:remotename)%00%(upstream:remoteref) refs/heads/main refs/remotes/main [2ms]
2023-05-08 07:00:59.963 [info] > git status -z -uall [2ms]
2023-05-08 07:01:04.974 [info] > git config --get commit.template [5ms]
2023-05-08 07:01:04.976 [info] > git for-each-ref --format=%(refname)%00%(upstream:short)%00%(objectname)%00%(upstream:track)%00%(upstream:remotename)%00%(upstream:remoteref) refs/heads/main refs/remotes/main [3ms]
2023-05-08 07:01:04.981 [info] > git status -z -uall [2ms]
2023-05-08 07:01:34.596 [info] > git config --get commit.template [5ms]
2023-05-08 07:01:34.598 [info] > git for-each-ref --format=%(refname)%00%(upstream:short)%00%(objectname)%00%(upstream:track)%00%(upstream:remotename)%00%(upstream:remoteref) refs/heads/main refs/remotes/main [2ms]
2023-05-08 07:01:34.604 [info] > git status -z -uall [3ms]
2023-05-08 07:01:39.615 [info] > git config --get commit.template [4ms]
2023-05-08 07:01:39.618 [info] > git for-each-ref --format=%(refname)%00%(upstream:short)%00%(objectname)%00%(upstream:track)%00%(upstream:remotename)%00%(upstream:remoteref) refs/heads/main refs/remotes/main [3ms]
2023-05-08 07:01:39.623 [info] > git status -z -uall [3ms]
2023-05-08 07:01:44.634 [info] > git config --get commit.template [4ms]
2023-05-08 07:01:44.637 [info] > git for-each-ref --format=%(refname)%00%(upstream:short)%00%(objectname)%00%(upstream:track)%00%(upstream:remotename)%00%(upstream:remoteref) refs/heads/main refs/remotes/main [2ms]
2023-05-08 07:01:44.641 [info] > git status -z -uall [2ms]
2023-05-08 07:01:58.272 [info] > git config --get commit.template [4ms]
2023-05-08 07:01:58.274 [info] > git for-each-ref --format=%(refname)%00%(upstream:short)%00%(objectname)%00%(upstream:track)%00%(upstream:remotename)%00%(upstream:remoteref) refs/heads/main refs/remotes/main [2ms]
2023-05-08 07:01:58.283 [info] > git status -z -uall [3ms]
2023-05-08 07:02:03.295 [info] > git config --get commit.template [4ms]
2023-05-08 07:02:03.297 [info] > git for-each-ref --format=%(refname)%00%(upstream:short)%00%(objectname)%00%(upstream:track)%00%(upstream:remotename)%00%(upstream:remoteref) refs/heads/main refs/remotes/main [3ms]
2023-05-08 07:02:03.302 [info] > git status -z -uall [2ms]
2023-05-08 07:02:08.819 [info] > git config --get commit.template [5ms]
2023-05-08 07:02:08.821 [info] > git for-each-ref --format=%(refname)%00%(upstream:short)%00%(objectname)%00%(upstream:track)%00%(upstream:remotename)%00%(upstream:remoteref) refs/heads/main refs/remotes/main [3ms]
2023-05-08 07:02:08.826 [info] > git status -z -uall [3ms]
2023-05-08 07:02:35.078 [info] > git config --get commit.template [5ms]
2023-05-08 07:02:35.080 [info] > git for-each-ref --format=%(refname)%00%(upstream:short)%00%(objectname)%00%(upstream:track)%00%(upstream:remotename)%00%(upstream:remoteref) refs/heads/main refs/remotes/main [3ms]
2023-05-08 07:02:35.085 [info] > git status -z -uall [2ms]
2023-05-08 07:02:40.096 [info] > git config --get commit.template [5ms]
2023-05-08 07:02:40.098 [info] > git for-each-ref --format=%(refname)%00%(upstream:short)%00%(objectname)%00%(upstream:track)%00%(upstream:remotename)%00%(upstream:remoteref) refs/heads/main refs/remotes/main [3ms]
2023-05-08 07:02:40.103 [info] > git status -z -uall [2ms]
2023-05-08 07:02:45.114 [info] > git config --get commit.template [5ms]
2023-05-08 07:02:45.116 [info] > git for-each-ref --format=%(refname)%00%(upstream:short)%00%(objectname)%00%(upstream:track)%00%(upstream:remotename)%00%(upstream:remoteref) refs/heads/main refs/remotes/main [2ms]
2023-05-08 07:02:45.121 [info] > git status -z -uall [2ms]
2023-05-08 07:03:21.107 [info] > git show --textconv :test/Makefile [5ms]
2023-05-08 07:03:21.110 [info] > git ls-files --stage -- /home/ubuntu/rbtree-lab/test/Makefile [3ms]
2023-05-08 07:03:21.114 [info] > git cat-file -s 0233f364971fae153cb14956853bbe96094847a7 [1ms]
2023-05-08 07:03:27.425 [info] > git config --get commit.template [7ms]
2023-05-08 07:03:27.427 [info] > git for-each-ref --format=%(refname)%00%(upstream:short)%00%(objectname)%00%(upstream:track)%00%(upstream:remotename)%00%(upstream:remoteref) refs/heads/main refs/remotes/main [5ms]
2023-05-08 07:03:27.433 [info] > git status -z -uall [2ms]
2023-05-08 07:03:32.443 [info] > git config --get commit.template [4ms]
2023-05-08 07:03:32.445 [info] > git for-each-ref --format=%(refname)%00%(upstream:short)%00%(objectname)%00%(upstream:track)%00%(upstream:remotename)%00%(upstream:remoteref) refs/heads/main refs/remotes/main [3ms]
2023-05-08 07:03:32.451 [info] > git status -z -uall [3ms]
2023-05-08 07:03:37.463 [info] > git config --get commit.template [6ms]
2023-05-08 07:03:37.465 [info] > git for-each-ref --format=%(refname)%00%(upstream:short)%00%(objectname)%00%(upstream:track)%00%(upstream:remotename)%00%(upstream:remoteref) refs/heads/main refs/remotes/main [3ms]
2023-05-08 07:03:37.470 [info] > git status -z -uall [2ms]
2023-05-08 07:04:54.482 [info] > git config --get commit.template [5ms]
2023-05-08 07:04:54.484 [info] > git for-each-ref --format=%(refname)%00%(upstream:short)%00%(objectname)%00%(upstream:track)%00%(upstream:remotename)%00%(upstream:remoteref) refs/heads/main refs/remotes/main [3ms]
2023-05-08 07:04:54.489 [info] > git status -z -uall [2ms]
2023-05-08 07:16:58.589 [info] > git config --get commit.template [5ms]
2023-05-08 07:16:58.591 [info] > git for-each-ref --format=%(refname)%00%(upstream:short)%00%(objectname)%00%(upstream:track)%00%(upstream:remotename)%00%(upstream:remoteref) refs/heads/main refs/remotes/main [3ms]
2023-05-08 07:16:58.596 [info] > git status -z -uall [3ms]
2023-05-08 07:17:23.887 [info] > git config --get commit.template [5ms]
2023-05-08 07:17:23.889 [info] > git for-each-ref --format=%(refname)%00%(upstream:short)%00%(objectname)%00%(upstream:track)%00%(upstream:remotename)%00%(upstream:remoteref) refs/heads/main refs/remotes/main [3ms]
2023-05-08 07:17:23.894 [info] > git status -z -uall [2ms]
2023-05-08 07:18:11.048 [info] > git config --get commit.template [4ms]
2023-05-08 07:18:11.050 [info] > git for-each-ref --format=%(refname)%00%(upstream:short)%00%(objectname)%00%(upstream:track)%00%(upstream:remotename)%00%(upstream:remoteref) refs/heads/main refs/remotes/main [3ms]
2023-05-08 07:18:11.055 [info] > git status -z -uall [2ms]
2023-05-08 07:19:54.708 [info] > git config --get commit.template [5ms]
2023-05-08 07:19:54.710 [info] > git for-each-ref --format=%(refname)%00%(upstream:short)%00%(objectname)%00%(upstream:track)%00%(upstream:remotename)%00%(upstream:remoteref) refs/heads/main refs/remotes/main [3ms]
2023-05-08 07:19:54.715 [info] > git status -z -uall [2ms]
2023-05-08 07:43:59.059 [info] > git config --get commit.template [4ms]
2023-05-08 07:43:59.061 [info] > git for-each-ref --format=%(refname)%00%(upstream:short)%00%(objectname)%00%(upstream:track)%00%(upstream:remotename)%00%(upstream:remoteref) refs/heads/main refs/remotes/main [3ms]
2023-05-08 07:43:59.067 [info] > git status -z -uall [3ms]
2023-05-08 07:44:04.084 [info] > git config --get commit.template [9ms]
2023-05-08 07:44:04.089 [info] > git for-each-ref --format=%(refname)%00%(upstream:short)%00%(objectname)%00%(upstream:track)%00%(upstream:remotename)%00%(upstream:remoteref) refs/heads/main refs/remotes/main [6ms]
2023-05-08 07:44:04.104 [info] > git status -z -uall [6ms]
2023-05-08 07:44:09.118 [info] > git config --get commit.template [6ms]
2023-05-08 07:44:09.121 [info] > git for-each-ref --format=%(refname)%00%(upstream:short)%00%(objectname)%00%(upstream:track)%00%(upstream:remotename)%00%(upstream:remoteref) refs/heads/main refs/remotes/main [6ms]
2023-05-08 07:44:09.126 [info] > git status -z -uall [2ms]
2023-05-08 07:44:17.236 [info] > git config --get commit.template [5ms]
2023-05-08 07:44:17.238 [info] > git for-each-ref --format=%(refname)%00%(upstream:short)%00%(objectname)%00%(upstream:track)%00%(upstream:remotename)%00%(upstream:remoteref) refs/heads/main refs/remotes/main [3ms]
2023-05-08 07:44:17.243 [info] > git status -z -uall [2ms]
2023-05-08 07:44:22.848 [info] > git config --get commit.template [4ms]
2023-05-08 07:44:22.850 [info] > git for-each-ref --format=%(refname)%00%(upstream:short)%00%(objectname)%00%(upstream:track)%00%(upstream:remotename)%00%(upstream:remoteref) refs/heads/main refs/remotes/main [2ms]
2023-05-08 07:44:22.855 [info] > git status -z -uall [2ms]
2023-05-08 07:44:27.871 [info] > git config --get commit.template [4ms]
2023-05-08 07:44:27.873 [info] > git for-each-ref --format=%(refname)%00%(upstream:short)%00%(objectname)%00%(upstream:track)%00%(upstream:remotename)%00%(upstream:remoteref) refs/heads/main refs/remotes/main [2ms]
2023-05-08 07:44:27.879 [info] > git status -z -uall [3ms]
2023-05-08 07:44:46.941 [info] > git config --get commit.template [5ms]
2023-05-08 07:44:46.943 [info] > git for-each-ref --format=%(refname)%00%(upstream:short)%00%(objectname)%00%(upstream:track)%00%(upstream:remotename)%00%(upstream:remoteref) refs/heads/main refs/remotes/main [3ms]
2023-05-08 07:44:46.948 [info] > git status -z -uall [2ms]
2023-05-08 07:54:38.577 [info] > git config --get commit.template [5ms]
2023-05-08 07:54:38.579 [info] > git for-each-ref --format=%(refname)%00%(upstream:short)%00%(objectname)%00%(upstream:track)%00%(upstream:remotename)%00%(upstream:remoteref) refs/heads/main refs/remotes/main [3ms]
2023-05-08 07:54:38.584 [info] > git status -z -uall [2ms]
2023-05-08 07:56:03.817 [info] > git config --get commit.template [5ms]
2023-05-08 07:56:03.819 [info] > git for-each-ref --format=%(refname)%00%(upstream:short)%00%(objectname)%00%(upstream:track)%00%(upstream:remotename)%00%(upstream:remoteref) refs/heads/main refs/remotes/main [3ms]
2023-05-08 07:56:03.824 [info] > git status -z -uall [2ms]
2023-05-08 08:19:16.056 [info] > git config --get commit.template [5ms]
2023-05-08 08:19:16.058 [info] > git for-each-ref --format=%(refname)%00%(upstream:short)%00%(objectname)%00%(upstream:track)%00%(upstream:remotename)%00%(upstream:remoteref) refs/heads/main refs/remotes/main [3ms]
2023-05-08 08:19:16.063 [info] > git status -z -uall [2ms]
2023-05-08 08:19:27.709 [info] > git config --get commit.template [4ms]
2023-05-08 08:19:27.712 [info] > git for-each-ref --format=%(refname)%00%(upstream:short)%00%(objectname)%00%(upstream:track)%00%(upstream:remotename)%00%(upstream:remoteref) refs/heads/main refs/remotes/main [3ms]
2023-05-08 08:19:27.717 [info] > git status -z -uall [3ms]
2023-05-08 08:19:39.595 [info] > git config --get commit.template [4ms]
2023-05-08 08:19:39.597 [info] > git for-each-ref --format=%(refname)%00%(upstream:short)%00%(objectname)%00%(upstream:track)%00%(upstream:remotename)%00%(upstream:remoteref) refs/heads/main refs/remotes/main [2ms]
2023-05-08 08:19:39.603 [info] > git status -z -uall [3ms]
2023-05-08 08:19:44.615 [info] > git config --get commit.template [4ms]
2023-05-08 08:19:44.617 [info] > git for-each-ref --format=%(refname)%00%(upstream:short)%00%(objectname)%00%(upstream:track)%00%(upstream:remotename)%00%(upstream:remoteref) refs/heads/main refs/remotes/main [3ms]
2023-05-08 08:19:44.622 [info] > git status -z -uall [3ms]
2023-05-08 08:21:05.448 [info] > git config --get commit.template [4ms]
2023-05-08 08:21:05.450 [info] > git for-each-ref --format=%(refname)%00%(upstream:short)%00%(objectname)%00%(upstream:track)%00%(upstream:remotename)%00%(upstream:remoteref) refs/heads/main refs/remotes/main [2ms]
2023-05-08 08:21:05.456 [info] > git status -z -uall [3ms]
2023-05-08 08:21:10.472 [info] > git config --get commit.template [5ms]
2023-05-08 08:21:10.474 [info] > git for-each-ref --format=%(refname)%00%(upstream:short)%00%(objectname)%00%(upstream:track)%00%(upstream:remotename)%00%(upstream:remoteref) refs/heads/main refs/remotes/main [2ms]
2023-05-08 08:21:10.479 [info] > git status -z -uall [2ms]
2023-05-08 08:21:15.490 [info] > git config --get commit.template [4ms]
2023-05-08 08:21:15.492 [info] > git for-each-ref --format=%(refname)%00%(upstream:short)%00%(objectname)%00%(upstream:track)%00%(upstream:remotename)%00%(upstream:remoteref) refs/heads/main refs/remotes/main [2ms]
2023-05-08 08:21:15.497 [info] > git status -z -uall [2ms]
2023-05-08 08:21:51.376 [info] > git config --get commit.template [4ms]
2023-05-08 08:21:51.378 [info] > git for-each-ref --format=%(refname)%00%(upstream:short)%00%(objectname)%00%(upstream:track)%00%(upstream:remotename)%00%(upstream:remoteref) refs/heads/main refs/remotes/main [2ms]
2023-05-08 08:21:51.384 [info] > git status -z -uall [3ms]
2023-05-08 08:29:01.329 [info] > git config --get commit.template [4ms]
2023-05-08 08:29:01.331 [info] > git for-each-ref --format=%(refname)%00%(upstream:short)%00%(objectname)%00%(upstream:track)%00%(upstream:remotename)%00%(upstream:remoteref) refs/heads/main refs/remotes/main [3ms]
2023-05-08 08:29:01.336 [info] > git status -z -uall [2ms]
2023-05-08 08:29:14.487 [info] > git config --get commit.template [5ms]
2023-05-08 08:29:14.489 [info] > git for-each-ref --format=%(refname)%00%(upstream:short)%00%(objectname)%00%(upstream:track)%00%(upstream:remotename)%00%(upstream:remoteref) refs/heads/main refs/remotes/main [3ms]
2023-05-08 08:29:14.494 [info] > git status -z -uall [2ms]
2023-05-08 08:29:23.084 [info] > git config --get commit.template [8ms]
2023-05-08 08:29:23.086 [info] > git for-each-ref --format=%(refname)%00%(upstream:short)%00%(objectname)%00%(upstream:track)%00%(upstream:remotename)%00%(upstream:remoteref) refs/heads/main refs/remotes/main [2ms]
2023-05-08 08:29:23.098 [info] > git status -z -uall [6ms]
2023-05-08 08:29:28.111 [info] > git config --get commit.template [5ms]
2023-05-08 08:29:28.113 [info] > git for-each-ref --format=%(refname)%00%(upstream:short)%00%(objectname)%00%(upstream:track)%00%(upstream:remotename)%00%(upstream:remoteref) refs/heads/main refs/remotes/main [3ms]
2023-05-08 08:29:28.118 [info] > git status -z -uall [2ms]
2023-05-08 09:10:59.190 [info] > git rev-parse --show-toplevel [3ms]
2023-05-08 09:10:59.190 [info] fatal: not a git repository (or any of the parent directories): .git
2023-05-08 09:13:03.419 [info] > git config --get commit.template [5ms]
2023-05-08 09:13:03.421 [info] > git for-each-ref --format=%(refname)%00%(upstream:short)%00%(objectname)%00%(upstream:track)%00%(upstream:remotename)%00%(upstream:remoteref) refs/heads/main refs/remotes/main [3ms]
2023-05-08 09:13:03.428 [info] > git status -z -uall [4ms]
2023-05-08 09:13:08.439 [info] > git config --get commit.template [5ms]
2023-05-08 09:13:08.441 [info] > git for-each-ref --format=%(refname)%00%(upstream:short)%00%(objectname)%00%(upstream:track)%00%(upstream:remotename)%00%(upstream:remoteref) refs/heads/main refs/remotes/main [3ms]
2023-05-08 09:13:08.446 [info] > git status -z -uall [2ms]
2023-05-08 09:13:16.780 [info] > git config --get commit.template [5ms]
2023-05-08 09:13:16.782 [info] > git for-each-ref --format=%(refname)%00%(upstream:short)%00%(objectname)%00%(upstream:track)%00%(upstream:remotename)%00%(upstream:remoteref) refs/heads/main refs/remotes/main [3ms]
2023-05-08 09:13:16.788 [info] > git status -z -uall [4ms]
2023-05-08 09:13:26.171 [info] > git config --get commit.template [5ms]
2023-05-08 09:13:26.173 [info] > git for-each-ref --format=%(refname)%00%(upstream:short)%00%(objectname)%00%(upstream:track)%00%(upstream:remotename)%00%(upstream:remoteref) refs/heads/main refs/remotes/main [2ms]
2023-05-08 09:13:26.179 [info] > git status -z -uall [3ms]
2023-05-08 09:14:28.385 [info] > git config --get commit.template [5ms]
2023-05-08 09:14:28.388 [info] > git for-each-ref --format=%(refname)%00%(upstream:short)%00%(objectname)%00%(upstream:track)%00%(upstream:remotename)%00%(upstream:remoteref) refs/heads/main refs/remotes/main [4ms]
2023-05-08 09:14:28.393 [info] > git status -z -uall [2ms]
2023-05-08 09:14:38.444 [info] > git config --get commit.template [5ms]
2023-05-08 09:14:38.446 [info] > git for-each-ref --format=%(refname)%00%(upstream:short)%00%(objectname)%00%(upstream:track)%00%(upstream:remotename)%00%(upstream:remoteref) refs/heads/main refs/remotes/main [3ms]
2023-05-08 09:14:38.452 [info] > git status -z -uall [2ms]
2023-05-08 09:15:21.360 [info] > git config --get commit.template [4ms]
2023-05-08 09:15:21.363 [info] > git for-each-ref --format=%(refname)%00%(upstream:short)%00%(objectname)%00%(upstream:track)%00%(upstream:remotename)%00%(upstream:remoteref) refs/heads/main refs/remotes/main [2ms]
2023-05-08 09:15:21.368 [info] > git status -z -uall [3ms]
