2023-05-08 15:59:46.015 [info] Log level: Info
2023-05-08 15:59:46.015 [info] Validating found git in: "git"
2023-05-08 15:59:46.016 [info] Using git "2.25.1" from "git"
2023-05-08 15:59:46.016 [info] > git rev-parse --show-toplevel [42ms]
2023-05-08 15:59:46.017 [info] fatal: not a git repository (or any of the parent directories): .git
2023-05-08 15:59:46.017 [info] > git rev-parse --show-toplevel [3ms]
2023-05-08 15:59:46.017 [info] > git rev-parse --git-dir --git-common-dir [4ms]
2023-05-08 15:59:46.018 [info] Open repository: /home/ubuntu/rbtree-lab
2023-05-08 15:59:46.018 [info] > git rev-parse --show-toplevel [15ms]
2023-05-08 15:59:46.019 [info] > git config --get commit.template [15ms]
2023-05-08 15:59:46.019 [info] > git rev-parse --show-toplevel [13ms]
2023-05-08 15:59:46.020 [info] fatal: not a git repository (or any of the parent directories): .git
2023-05-08 15:59:46.020 [info] > git for-each-ref --format=%(refname)%00%(upstream:short)%00%(objectname)%00%(upstream:track)%00%(upstream:remotename)%00%(upstream:remoteref) refs/heads/main refs/remotes/main [7ms]
2023-05-08 15:59:46.021 [info] > git rev-parse --show-toplevel [7ms]
2023-05-08 15:59:46.021 [info] fatal: not a git repository (or any of the parent directories): .git
2023-05-08 15:59:46.022 [info] > git status -z -uall [6ms]
2023-05-08 15:59:46.022 [info] > git rev-parse --show-toplevel [18ms]
2023-05-08 15:59:46.023 [info] fatal: not a git repository (or any of the parent directories): .git
2023-05-08 15:59:46.023 [info] > git config --get commit.template [5ms]
2023-05-08 15:59:46.024 [info] > git rev-parse --show-toplevel [58ms]
2023-05-08 15:59:46.024 [info] fatal: not a git repository (or any of the parent directories): .git
2023-05-08 15:59:46.024 [info] > git for-each-ref --format=%(refname)%00%(upstream:short)%00%(objectname)%00%(upstream:track)%00%(upstream:remotename)%00%(upstream:remoteref) refs/heads/main refs/remotes/main [17ms]
2023-05-08 15:59:46.025 [info] > git rev-parse --show-toplevel [10ms]
2023-05-08 15:59:46.025 [info] fatal: not a git repository (or any of the parent directories): .git
2023-05-08 15:59:46.026 [info] > git status -z -uall [12ms]
2023-05-08 15:59:46.026 [info] > git rev-parse --show-toplevel [5ms]
2023-05-08 15:59:46.027 [info] fatal: not a git repository (or any of the parent directories): .git
2023-05-08 15:59:46.027 [info] > git rev-parse --show-toplevel [2ms]
2023-05-08 15:59:46.028 [info] fatal: not a git repository (or any of the parent directories): .git
2023-05-08 15:59:46.028 [info] > git show --textconv :src/rbtree.c [20ms]
2023-05-08 15:59:46.028 [info] > git show --textconv :test/test-rbtree.c [16ms]
2023-05-08 15:59:46.028 [info] > git ls-files --stage -- /home/ubuntu/rbtree-lab/src/rbtree.c [9ms]
2023-05-08 15:59:46.028 [info] > git ls-files --stage -- /home/ubuntu/rbtree-lab/test/test-rbtree.c [12ms]
2023-05-08 15:59:46.028 [info] > git cat-file -s 63e19f27fca971198aea3fa5f90ad44417207169 [9ms]
2023-05-08 15:59:46.028 [info] > git cat-file -s 60ed53ead57d33ae01b83a6bd7c03f6484dab1ba [6ms]
2023-05-08 15:59:46.157 [info] > git check-ignore -v -z --stdin [5ms]
