2023-05-08 11:10:31.620 [info] Log level: Info
2023-05-08 11:10:31.625 [info] Validating found git in: "git"
2023-05-08 11:10:31.626 [info] Using git "2.25.1" from "git"
2023-05-08 11:10:31.626 [info] > git rev-parse --show-toplevel [56ms]
2023-05-08 11:10:31.626 [info] fatal: not a git repository (or any of the parent directories): .git
2023-05-08 11:10:31.627 [info] > git rev-parse --show-toplevel [17ms]
2023-05-08 11:10:31.627 [info] > git rev-parse --git-dir --git-common-dir [18ms]
2023-05-08 11:10:31.627 [info] Open repository: /home/ubuntu/rbtree-lab
2023-05-08 11:10:31.630 [info] > git rev-parse --show-toplevel [15ms]
2023-05-08 11:10:31.631 [info] > git config --get commit.template [38ms]
2023-05-08 11:10:31.631 [info] > git rev-parse --show-toplevel [29ms]
2023-05-08 11:10:31.632 [info] fatal: not a git repository (or any of the parent directories): .git
2023-05-08 11:10:31.632 [info] > git for-each-ref --format=%(refname)%00%(upstream:short)%00%(objectname)%00%(upstream:track)%00%(upstream:remotename)%00%(upstream:remoteref) refs/heads/main refs/remotes/main [13ms]
2023-05-08 11:10:31.632 [info] > git rev-parse --show-toplevel [19ms]
2023-05-08 11:10:31.633 [info] fatal: not a git repository (or any of the parent directories): .git
2023-05-08 11:10:31.633 [info] > git status -z -uall [18ms]
2023-05-08 11:10:31.633 [info] > git rev-parse --show-toplevel [36ms]
2023-05-08 11:10:31.634 [info] fatal: not a git repository (or any of the parent directories): .git
2023-05-08 11:10:31.634 [info] > git config --get commit.template [10ms]
2023-05-08 11:10:31.634 [info] > git rev-parse --show-toplevel [10ms]
2023-05-08 11:10:31.635 [info] fatal: not a git repository (or any of the parent directories): .git
2023-05-08 11:10:31.635 [info] > git rev-parse --show-toplevel [96ms]
2023-05-08 11:10:31.635 [info] fatal: not a git repository (or any of the parent directories): .git
2023-05-08 11:10:31.636 [info] > git for-each-ref --format=%(refname)%00%(upstream:short)%00%(objectname)%00%(upstream:track)%00%(upstream:remotename)%00%(upstream:remoteref) refs/heads/main refs/remotes/main [108ms]
2023-05-08 11:10:31.636 [info] > git rev-parse --show-toplevel [5ms]
2023-05-08 11:10:31.636 [info] fatal: not a git repository (or any of the parent directories): .git
2023-05-08 11:10:31.637 [info] > git status -z -uall [49ms]
2023-05-08 11:10:31.637 [info] > git rev-parse --show-toplevel [47ms]
2023-05-08 11:10:31.637 [info] fatal: not a git repository (or any of the parent directories): .git
2023-05-08 11:10:31.909 [info] > git show --textconv :src/rbtree.c [13ms]
2023-05-08 11:10:31.910 [info] > git show --textconv :test/test-rbtree.c [10ms]
2023-05-08 11:10:31.911 [info] > git ls-files --stage -- /home/ubuntu/rbtree-lab/src/rbtree.c [6ms]
2023-05-08 11:10:31.919 [info] > git ls-files --stage -- /home/ubuntu/rbtree-lab/test/test-rbtree.c [10ms]
2023-05-08 11:10:31.923 [info] > git cat-file -s 63e19f27fca971198aea3fa5f90ad44417207169 [9ms]
2023-05-08 11:10:31.927 [info] > git cat-file -s 60ed53ead57d33ae01b83a6bd7c03f6484dab1ba [5ms]
2023-05-08 11:10:32.079 [info] > git check-ignore -v -z --stdin [4ms]
2023-05-08 11:10:36.333 [info] > git config --get commit.template [5ms]
2023-05-08 11:10:36.335 [info] > git for-each-ref --format=%(refname)%00%(upstream:short)%00%(objectname)%00%(upstream:track)%00%(upstream:remotename)%00%(upstream:remoteref) refs/heads/main refs/remotes/main [3ms]
2023-05-08 11:10:36.342 [info] > git status -z -uall [3ms]
2023-05-08 11:10:41.355 [info] > git config --get commit.template [5ms]
2023-05-08 11:10:41.357 [info] > git for-each-ref --format=%(refname)%00%(upstream:short)%00%(objectname)%00%(upstream:track)%00%(upstream:remotename)%00%(upstream:remoteref) refs/heads/main refs/remotes/main [3ms]
2023-05-08 11:10:41.363 [info] > git status -z -uall [3ms]
2023-05-08 11:13:47.900 [info] > git config --get commit.template [5ms]
2023-05-08 11:13:47.902 [info] > git for-each-ref --format=%(refname)%00%(upstream:short)%00%(objectname)%00%(upstream:track)%00%(upstream:remotename)%00%(upstream:remoteref) refs/heads/main refs/remotes/main [3ms]
2023-05-08 11:13:47.908 [info] > git status -z -uall [3ms]
2023-05-08 11:13:53.350 [info] > git config --get commit.template [5ms]
2023-05-08 11:13:53.353 [info] > git for-each-ref --format=%(refname)%00%(upstream:short)%00%(objectname)%00%(upstream:track)%00%(upstream:remotename)%00%(upstream:remoteref) refs/heads/main refs/remotes/main [3ms]
2023-05-08 11:13:53.359 [info] > git status -z -uall [2ms]
2023-05-08 11:13:58.374 [info] > git config --get commit.template [5ms]
2023-05-08 11:13:58.376 [info] > git for-each-ref --format=%(refname)%00%(upstream:short)%00%(objectname)%00%(upstream:track)%00%(upstream:remotename)%00%(upstream:remoteref) refs/heads/main refs/remotes/main [3ms]
2023-05-08 11:13:58.381 [info] > git status -z -uall [2ms]
2023-05-08 11:14:03.393 [info] > git config --get commit.template [4ms]
2023-05-08 11:14:03.396 [info] > git for-each-ref --format=%(refname)%00%(upstream:short)%00%(objectname)%00%(upstream:track)%00%(upstream:remotename)%00%(upstream:remoteref) refs/heads/main refs/remotes/main [4ms]
2023-05-08 11:14:03.402 [info] > git status -z -uall [3ms]
2023-05-08 11:14:08.416 [info] > git config --get commit.template [6ms]
2023-05-08 11:14:08.418 [info] > git for-each-ref --format=%(refname)%00%(upstream:short)%00%(objectname)%00%(upstream:track)%00%(upstream:remotename)%00%(upstream:remoteref) refs/heads/main refs/remotes/main [4ms]
2023-05-08 11:14:08.423 [info] > git status -z -uall [2ms]
2023-05-08 11:14:33.861 [info] > git config --get commit.template [4ms]
2023-05-08 11:14:33.864 [info] > git for-each-ref --format=%(refname)%00%(upstream:short)%00%(objectname)%00%(upstream:track)%00%(upstream:remotename)%00%(upstream:remoteref) refs/heads/main refs/remotes/main [3ms]
2023-05-08 11:14:33.870 [info] > git status -z -uall [2ms]
2023-05-08 11:14:38.883 [info] > git config --get commit.template [5ms]
2023-05-08 11:14:38.886 [info] > git for-each-ref --format=%(refname)%00%(upstream:short)%00%(objectname)%00%(upstream:track)%00%(upstream:remotename)%00%(upstream:remoteref) refs/heads/main refs/remotes/main [3ms]
2023-05-08 11:14:38.891 [info] > git status -z -uall [2ms]
2023-05-08 11:15:00.866 [info] > git check-ignore -v -z --stdin [3ms]
2023-05-08 11:15:07.329 [info] > git config --get commit.template [5ms]
2023-05-08 11:15:07.331 [info] > git for-each-ref --format=%(refname)%00%(upstream:short)%00%(objectname)%00%(upstream:track)%00%(upstream:remotename)%00%(upstream:remoteref) refs/heads/main refs/remotes/main [3ms]
2023-05-08 11:15:07.337 [info] > git status -z -uall [2ms]
2023-05-08 11:15:12.352 [info] > git config --get commit.template [5ms]
2023-05-08 11:15:12.354 [info] > git for-each-ref --format=%(refname)%00%(upstream:short)%00%(objectname)%00%(upstream:track)%00%(upstream:remotename)%00%(upstream:remoteref) refs/heads/main refs/remotes/main [3ms]
2023-05-08 11:15:12.360 [info] > git status -z -uall [3ms]
2023-05-08 11:15:40.972 [info] > git config --get commit.template [5ms]
2023-05-08 11:15:40.975 [info] > git for-each-ref --format=%(refname)%00%(upstream:short)%00%(objectname)%00%(upstream:track)%00%(upstream:remotename)%00%(upstream:remoteref) refs/heads/main refs/remotes/main [3ms]
2023-05-08 11:15:40.980 [info] > git status -z -uall [2ms]
2023-05-08 11:15:55.568 [info] > git show --textconv :src/rbtree.h [6ms]
2023-05-08 11:15:55.571 [info] > git ls-files --stage -- /home/ubuntu/rbtree-lab/src/rbtree.h [5ms]
2023-05-08 11:15:55.576 [info] > git cat-file -s f34ff062785d76947c9a53aa163519f29778bcec [2ms]
2023-05-08 11:17:35.886 [info] > git config --get commit.template [5ms]
2023-05-08 11:17:35.889 [info] > git for-each-ref --format=%(refname)%00%(upstream:short)%00%(objectname)%00%(upstream:track)%00%(upstream:remotename)%00%(upstream:remoteref) refs/heads/main refs/remotes/main [3ms]
2023-05-08 11:17:35.894 [info] > git status -z -uall [2ms]
2023-05-08 11:18:12.765 [info] > git config --get commit.template [4ms]
2023-05-08 11:18:12.767 [info] > git for-each-ref --format=%(refname)%00%(upstream:short)%00%(objectname)%00%(upstream:track)%00%(upstream:remotename)%00%(upstream:remoteref) refs/heads/main refs/remotes/main [3ms]
2023-05-08 11:18:12.772 [info] > git status -z -uall [2ms]
2023-05-08 11:18:55.464 [info] > git config --get commit.template [4ms]
2023-05-08 11:18:55.467 [info] > git for-each-ref --format=%(refname)%00%(upstream:short)%00%(objectname)%00%(upstream:track)%00%(upstream:remotename)%00%(upstream:remoteref) refs/heads/main refs/remotes/main [3ms]
2023-05-08 11:18:55.472 [info] > git status -z -uall [2ms]
2023-05-08 11:19:00.484 [info] > git config --get commit.template [4ms]
2023-05-08 11:19:00.486 [info] > git for-each-ref --format=%(refname)%00%(upstream:short)%00%(objectname)%00%(upstream:track)%00%(upstream:remotename)%00%(upstream:remoteref) refs/heads/main refs/remotes/main [2ms]
2023-05-08 11:19:00.493 [info] > git status -z -uall [3ms]
2023-05-08 11:19:24.238 [info] > git config --get commit.template [5ms]
2023-05-08 11:19:24.240 [info] > git for-each-ref --format=%(refname)%00%(upstream:short)%00%(objectname)%00%(upstream:track)%00%(upstream:remotename)%00%(upstream:remoteref) refs/heads/main refs/remotes/main [3ms]
2023-05-08 11:19:24.245 [info] > git status -z -uall [2ms]
2023-05-08 11:34:30.039 [info] > git config --get commit.template [4ms]
2023-05-08 11:34:30.042 [info] > git for-each-ref --format=%(refname)%00%(upstream:short)%00%(objectname)%00%(upstream:track)%00%(upstream:remotename)%00%(upstream:remoteref) refs/heads/main refs/remotes/main [3ms]
2023-05-08 11:34:30.047 [info] > git status -z -uall [2ms]
2023-05-08 11:35:39.423 [info] > git config --get commit.template [6ms]
2023-05-08 11:35:39.425 [info] > git for-each-ref --format=%(refname)%00%(upstream:short)%00%(objectname)%00%(upstream:track)%00%(upstream:remotename)%00%(upstream:remoteref) refs/heads/main refs/remotes/main [3ms]
2023-05-08 11:35:39.431 [info] > git status -z -uall [3ms]
2023-05-08 11:35:49.953 [info] > git config --get commit.template [5ms]
2023-05-08 11:35:49.955 [info] > git for-each-ref --format=%(refname)%00%(upstream:short)%00%(objectname)%00%(upstream:track)%00%(upstream:remotename)%00%(upstream:remoteref) refs/heads/main refs/remotes/main [2ms]
2023-05-08 11:35:49.961 [info] > git status -z -uall [3ms]
2023-05-08 11:35:54.974 [info] > git config --get commit.template [5ms]
2023-05-08 11:35:54.976 [info] > git for-each-ref --format=%(refname)%00%(upstream:short)%00%(objectname)%00%(upstream:track)%00%(upstream:remotename)%00%(upstream:remoteref) refs/heads/main refs/remotes/main [3ms]
2023-05-08 11:35:54.982 [info] > git status -z -uall [3ms]
2023-05-08 11:36:06.035 [info] > git config --get commit.template [4ms]
2023-05-08 11:36:06.037 [info] > git for-each-ref --format=%(refname)%00%(upstream:short)%00%(objectname)%00%(upstream:track)%00%(upstream:remotename)%00%(upstream:remoteref) refs/heads/main refs/remotes/main [3ms]
2023-05-08 11:36:06.042 [info] > git status -z -uall [2ms]
2023-05-08 11:42:22.439 [info] > git config --get commit.template [5ms]
2023-05-08 11:42:22.441 [info] > git for-each-ref --format=%(refname)%00%(upstream:short)%00%(objectname)%00%(upstream:track)%00%(upstream:remotename)%00%(upstream:remoteref) refs/heads/main refs/remotes/main [3ms]
2023-05-08 11:42:22.446 [info] > git status -z -uall [2ms]
2023-05-08 11:43:23.152 [info] > git config --get commit.template [5ms]
2023-05-08 11:43:23.154 [info] > git for-each-ref --format=%(refname)%00%(upstream:short)%00%(objectname)%00%(upstream:track)%00%(upstream:remotename)%00%(upstream:remoteref) refs/heads/main refs/remotes/main [3ms]
2023-05-08 11:43:23.159 [info] > git status -z -uall [2ms]
2023-05-08 11:44:16.218 [info] > git config --get commit.template [5ms]
2023-05-08 11:44:16.220 [info] > git for-each-ref --format=%(refname)%00%(upstream:short)%00%(objectname)%00%(upstream:track)%00%(upstream:remotename)%00%(upstream:remoteref) refs/heads/main refs/remotes/main [3ms]
2023-05-08 11:44:16.226 [info] > git status -z -uall [3ms]
2023-05-08 11:44:57.629 [info] > git config --get commit.template [4ms]
2023-05-08 11:44:57.631 [info] > git for-each-ref --format=%(refname)%00%(upstream:short)%00%(objectname)%00%(upstream:track)%00%(upstream:remotename)%00%(upstream:remoteref) refs/heads/main refs/remotes/main [3ms]
2023-05-08 11:44:57.637 [info] > git status -z -uall [2ms]
2023-05-08 11:45:43.252 [info] > git config --get commit.template [4ms]
2023-05-08 11:45:43.254 [info] > git for-each-ref --format=%(refname)%00%(upstream:short)%00%(objectname)%00%(upstream:track)%00%(upstream:remotename)%00%(upstream:remoteref) refs/heads/main refs/remotes/main [3ms]
2023-05-08 11:45:43.259 [info] > git status -z -uall [2ms]
2023-05-08 11:46:54.093 [info] > git config --get commit.template [5ms]
2023-05-08 11:46:54.095 [info] > git for-each-ref --format=%(refname)%00%(upstream:short)%00%(objectname)%00%(upstream:track)%00%(upstream:remotename)%00%(upstream:remoteref) refs/heads/main refs/remotes/main [2ms]
2023-05-08 11:46:54.101 [info] > git status -z -uall [2ms]
2023-05-08 11:48:23.063 [info] > git config --get commit.template [5ms]
2023-05-08 11:48:23.065 [info] > git for-each-ref --format=%(refname)%00%(upstream:short)%00%(objectname)%00%(upstream:track)%00%(upstream:remotename)%00%(upstream:remoteref) refs/heads/main refs/remotes/main [2ms]
2023-05-08 11:48:23.070 [info] > git status -z -uall [2ms]
2023-05-08 11:50:20.186 [info] > git config --get commit.template [6ms]
2023-05-08 11:50:20.188 [info] > git for-each-ref --format=%(refname)%00%(upstream:short)%00%(objectname)%00%(upstream:track)%00%(upstream:remotename)%00%(upstream:remoteref) refs/heads/main refs/remotes/main [3ms]
2023-05-08 11:50:20.194 [info] > git status -z -uall [3ms]
2023-05-08 11:57:22.447 [info] > git config --get commit.template [5ms]
2023-05-08 11:57:22.450 [info] > git for-each-ref --format=%(refname)%00%(upstream:short)%00%(objectname)%00%(upstream:track)%00%(upstream:remotename)%00%(upstream:remoteref) refs/heads/main refs/remotes/main [3ms]
2023-05-08 11:57:22.455 [info] > git status -z -uall [2ms]
2023-05-08 11:57:29.071 [info] > git config --get commit.template [5ms]
2023-05-08 11:57:29.073 [info] > git for-each-ref --format=%(refname)%00%(upstream:short)%00%(objectname)%00%(upstream:track)%00%(upstream:remotename)%00%(upstream:remoteref) refs/heads/main refs/remotes/main [3ms]
2023-05-08 11:57:29.079 [info] > git status -z -uall [3ms]
2023-05-08 11:57:34.089 [info] > git config --get commit.template [4ms]
2023-05-08 11:57:34.092 [info] > git for-each-ref --format=%(refname)%00%(upstream:short)%00%(objectname)%00%(upstream:track)%00%(upstream:remotename)%00%(upstream:remoteref) refs/heads/main refs/remotes/main [3ms]
2023-05-08 11:57:34.097 [info] > git status -z -uall [3ms]
2023-05-08 11:58:47.672 [info] > git show --textconv :test/Makefile [5ms]
2023-05-08 11:58:47.675 [info] > git ls-files --stage -- /home/ubuntu/rbtree-lab/test/Makefile [4ms]
2023-05-08 11:58:47.679 [info] > git cat-file -s 0233f364971fae153cb14956853bbe96094847a7 [1ms]
2023-05-08 12:00:08.146 [info] > git config --get commit.template [5ms]
2023-05-08 12:00:08.148 [info] > git for-each-ref --format=%(refname)%00%(upstream:short)%00%(objectname)%00%(upstream:track)%00%(upstream:remotename)%00%(upstream:remoteref) refs/heads/main refs/remotes/main [3ms]
2023-05-08 12:00:08.153 [info] > git status -z -uall [2ms]
2023-05-08 12:00:17.722 [info] > git config --get commit.template [5ms]
2023-05-08 12:00:17.724 [info] > git for-each-ref --format=%(refname)%00%(upstream:short)%00%(objectname)%00%(upstream:track)%00%(upstream:remotename)%00%(upstream:remoteref) refs/heads/main refs/remotes/main [3ms]
2023-05-08 12:00:17.731 [info] > git status -z -uall [3ms]
2023-05-08 12:00:22.744 [info] > git config --get commit.template [6ms]
2023-05-08 12:00:22.746 [info] > git for-each-ref --format=%(refname)%00%(upstream:short)%00%(objectname)%00%(upstream:track)%00%(upstream:remotename)%00%(upstream:remoteref) refs/heads/main refs/remotes/main [3ms]
2023-05-08 12:00:22.751 [info] > git status -z -uall [2ms]
2023-05-08 12:01:16.308 [info] > git config --get commit.template [4ms]
2023-05-08 12:01:16.310 [info] > git for-each-ref --format=%(refname)%00%(upstream:short)%00%(objectname)%00%(upstream:track)%00%(upstream:remotename)%00%(upstream:remoteref) refs/heads/main refs/remotes/main [2ms]
2023-05-08 12:01:16.316 [info] > git status -z -uall [2ms]
2023-05-08 12:01:54.560 [info] > git config --get commit.template [6ms]
2023-05-08 12:01:54.563 [info] > git for-each-ref --format=%(refname)%00%(upstream:short)%00%(objectname)%00%(upstream:track)%00%(upstream:remotename)%00%(upstream:remoteref) refs/heads/main refs/remotes/main [4ms]
2023-05-08 12:01:54.570 [info] > git status -z -uall [3ms]
2023-05-08 12:02:00.691 [info] > git config --get commit.template [5ms]
2023-05-08 12:02:00.693 [info] > git for-each-ref --format=%(refname)%00%(upstream:short)%00%(objectname)%00%(upstream:track)%00%(upstream:remotename)%00%(upstream:remoteref) refs/heads/main refs/remotes/main [3ms]
2023-05-08 12:02:00.698 [info] > git status -z -uall [2ms]
2023-05-08 12:04:26.727 [info] > git config --get commit.template [5ms]
2023-05-08 12:04:26.729 [info] > git for-each-ref --format=%(refname)%00%(upstream:short)%00%(objectname)%00%(upstream:track)%00%(upstream:remotename)%00%(upstream:remoteref) refs/heads/main refs/remotes/main [3ms]
2023-05-08 12:04:26.734 [info] > git status -z -uall [2ms]
2023-05-08 12:04:42.635 [info] > git config --get commit.template [4ms]
2023-05-08 12:04:42.637 [info] > git for-each-ref --format=%(refname)%00%(upstream:short)%00%(objectname)%00%(upstream:track)%00%(upstream:remotename)%00%(upstream:remoteref) refs/heads/main refs/remotes/main [5ms]
2023-05-08 12:04:42.642 [info] > git status -z -uall [2ms]
2023-05-08 12:04:51.246 [info] > git config --get commit.template [4ms]
2023-05-08 12:04:51.248 [info] > git for-each-ref --format=%(refname)%00%(upstream:short)%00%(objectname)%00%(upstream:track)%00%(upstream:remotename)%00%(upstream:remoteref) refs/heads/main refs/remotes/main [3ms]
2023-05-08 12:04:51.254 [info] > git status -z -uall [3ms]
2023-05-08 12:04:56.265 [info] > git config --get commit.template [5ms]
2023-05-08 12:04:56.267 [info] > git for-each-ref --format=%(refname)%00%(upstream:short)%00%(objectname)%00%(upstream:track)%00%(upstream:remotename)%00%(upstream:remoteref) refs/heads/main refs/remotes/main [2ms]
2023-05-08 12:04:56.272 [info] > git status -z -uall [2ms]
2023-05-08 12:05:20.662 [info] > git config --get commit.template [5ms]
2023-05-08 12:05:20.664 [info] > git for-each-ref --format=%(refname)%00%(upstream:short)%00%(objectname)%00%(upstream:track)%00%(upstream:remotename)%00%(upstream:remoteref) refs/heads/main refs/remotes/main [3ms]
2023-05-08 12:05:20.669 [info] > git status -z -uall [2ms]
2023-05-08 12:05:25.681 [info] > git config --get commit.template [4ms]
2023-05-08 12:05:25.684 [info] > git for-each-ref --format=%(refname)%00%(upstream:short)%00%(objectname)%00%(upstream:track)%00%(upstream:remotename)%00%(upstream:remoteref) refs/heads/main refs/remotes/main [2ms]
2023-05-08 12:05:25.689 [info] > git status -z -uall [3ms]
2023-05-08 12:05:45.052 [info] > git config --get commit.template [5ms]
2023-05-08 12:05:45.055 [info] > git for-each-ref --format=%(refname)%00%(upstream:short)%00%(objectname)%00%(upstream:track)%00%(upstream:remotename)%00%(upstream:remoteref) refs/heads/main refs/remotes/main [3ms]
2023-05-08 12:05:45.061 [info] > git status -z -uall [2ms]
2023-05-08 12:05:58.762 [info] > git config --get commit.template [4ms]
2023-05-08 12:05:58.765 [info] > git for-each-ref --format=%(refname)%00%(upstream:short)%00%(objectname)%00%(upstream:track)%00%(upstream:remotename)%00%(upstream:remoteref) refs/heads/main refs/remotes/main [2ms]
2023-05-08 12:05:58.769 [info] > git status -z -uall [2ms]
2023-05-08 12:06:12.863 [info] > git config --get commit.template [7ms]
2023-05-08 12:06:12.867 [info] > git for-each-ref --format=%(refname)%00%(upstream:short)%00%(objectname)%00%(upstream:track)%00%(upstream:remotename)%00%(upstream:remoteref) refs/heads/main refs/remotes/main [5ms]
2023-05-08 12:06:12.879 [info] > git status -z -uall [2ms]
2023-05-08 12:06:17.890 [info] > git config --get commit.template [4ms]
2023-05-08 12:06:17.892 [info] > git for-each-ref --format=%(refname)%00%(upstream:short)%00%(objectname)%00%(upstream:track)%00%(upstream:remotename)%00%(upstream:remoteref) refs/heads/main refs/remotes/main [3ms]
2023-05-08 12:06:17.897 [info] > git status -z -uall [2ms]
2023-05-08 12:06:30.553 [info] > git config --get commit.template [5ms]
2023-05-08 12:06:30.555 [info] > git for-each-ref --format=%(refname)%00%(upstream:short)%00%(objectname)%00%(upstream:track)%00%(upstream:remotename)%00%(upstream:remoteref) refs/heads/main refs/remotes/main [3ms]
2023-05-08 12:06:30.561 [info] > git status -z -uall [2ms]
2023-05-08 12:06:42.759 [info] > git config --get commit.template [4ms]
2023-05-08 12:06:42.761 [info] > git for-each-ref --format=%(refname)%00%(upstream:short)%00%(objectname)%00%(upstream:track)%00%(upstream:remotename)%00%(upstream:remoteref) refs/heads/main refs/remotes/main [2ms]
2023-05-08 12:06:42.769 [info] > git status -z -uall [3ms]
2023-05-08 12:07:14.762 [info] > git config --get commit.template [5ms]
2023-05-08 12:07:14.765 [info] > git for-each-ref --format=%(refname)%00%(upstream:short)%00%(objectname)%00%(upstream:track)%00%(upstream:remotename)%00%(upstream:remoteref) refs/heads/main refs/remotes/main [4ms]
2023-05-08 12:07:14.770 [info] > git status -z -uall [2ms]
2023-05-08 12:07:19.782 [info] > git config --get commit.template [5ms]
2023-05-08 12:07:19.784 [info] > git for-each-ref --format=%(refname)%00%(upstream:short)%00%(objectname)%00%(upstream:track)%00%(upstream:remotename)%00%(upstream:remoteref) refs/heads/main refs/remotes/main [3ms]
2023-05-08 12:07:19.789 [info] > git status -z -uall [2ms]
2023-05-08 12:07:29.259 [info] > git config --get commit.template [5ms]
2023-05-08 12:07:29.261 [info] > git for-each-ref --format=%(refname)%00%(upstream:short)%00%(objectname)%00%(upstream:track)%00%(upstream:remotename)%00%(upstream:remoteref) refs/heads/main refs/remotes/main [3ms]
2023-05-08 12:07:29.267 [info] > git status -z -uall [2ms]
2023-05-08 12:07:34.278 [info] > git config --get commit.template [5ms]
2023-05-08 12:07:34.283 [info] > git for-each-ref --format=%(refname)%00%(upstream:short)%00%(objectname)%00%(upstream:track)%00%(upstream:remotename)%00%(upstream:remoteref) refs/heads/main refs/remotes/main [3ms]
2023-05-08 12:07:34.289 [info] > git status -z -uall [2ms]
2023-05-08 12:07:42.907 [info] > git config --get commit.template [5ms]
2023-05-08 12:07:42.909 [info] > git for-each-ref --format=%(refname)%00%(upstream:short)%00%(objectname)%00%(upstream:track)%00%(upstream:remotename)%00%(upstream:remoteref) refs/heads/main refs/remotes/main [3ms]
2023-05-08 12:07:42.914 [info] > git status -z -uall [2ms]
2023-05-08 12:07:47.928 [info] > git config --get commit.template [5ms]
2023-05-08 12:07:47.930 [info] > git for-each-ref --format=%(refname)%00%(upstream:short)%00%(objectname)%00%(upstream:track)%00%(upstream:remotename)%00%(upstream:remoteref) refs/heads/main refs/remotes/main [3ms]
2023-05-08 12:07:47.937 [info] > git status -z -uall [3ms]
2023-05-08 12:07:52.949 [info] > git config --get commit.template [5ms]
2023-05-08 12:07:52.952 [info] > git for-each-ref --format=%(refname)%00%(upstream:short)%00%(objectname)%00%(upstream:track)%00%(upstream:remotename)%00%(upstream:remoteref) refs/heads/main refs/remotes/main [3ms]
2023-05-08 12:07:52.957 [info] > git status -z -uall [2ms]
2023-05-08 12:08:06.235 [info] > git config --get commit.template [5ms]
2023-05-08 12:08:06.237 [info] > git for-each-ref --format=%(refname)%00%(upstream:short)%00%(objectname)%00%(upstream:track)%00%(upstream:remotename)%00%(upstream:remoteref) refs/heads/main refs/remotes/main [3ms]
2023-05-08 12:08:06.242 [info] > git status -z -uall [2ms]
2023-05-08 12:08:11.257 [info] > git config --get commit.template [6ms]
2023-05-08 12:08:11.259 [info] > git for-each-ref --format=%(refname)%00%(upstream:short)%00%(objectname)%00%(upstream:track)%00%(upstream:remotename)%00%(upstream:remoteref) refs/heads/main refs/remotes/main [3ms]
2023-05-08 12:08:11.265 [info] > git status -z -uall [3ms]
2023-05-08 12:15:15.933 [info] > git config --get commit.template [5ms]
2023-05-08 12:15:15.935 [info] > git for-each-ref --format=%(refname)%00%(upstream:short)%00%(objectname)%00%(upstream:track)%00%(upstream:remotename)%00%(upstream:remoteref) refs/heads/main refs/remotes/main [3ms]
2023-05-08 12:15:15.954 [info] > git status -z -uall [6ms]
2023-05-08 12:15:45.953 [info] > git config --get commit.template [4ms]
2023-05-08 12:15:45.955 [info] > git for-each-ref --format=%(refname)%00%(upstream:short)%00%(objectname)%00%(upstream:track)%00%(upstream:remotename)%00%(upstream:remoteref) refs/heads/main refs/remotes/main [3ms]
2023-05-08 12:15:45.960 [info] > git status -z -uall [2ms]
2023-05-08 12:16:15.588 [info] > git config --get commit.template [4ms]
2023-05-08 12:16:15.591 [info] > git for-each-ref --format=%(refname)%00%(upstream:short)%00%(objectname)%00%(upstream:track)%00%(upstream:remotename)%00%(upstream:remoteref) refs/heads/main refs/remotes/main [2ms]
2023-05-08 12:16:15.596 [info] > git status -z -uall [3ms]
2023-05-08 12:16:20.610 [info] > git config --get commit.template [5ms]
2023-05-08 12:16:20.612 [info] > git for-each-ref --format=%(refname)%00%(upstream:short)%00%(objectname)%00%(upstream:track)%00%(upstream:remotename)%00%(upstream:remoteref) refs/heads/main refs/remotes/main [3ms]
2023-05-08 12:16:20.617 [info] > git status -z -uall [2ms]
2023-05-08 12:16:28.374 [info] > git config --get commit.template [4ms]
2023-05-08 12:16:28.377 [info] > git for-each-ref --format=%(refname)%00%(upstream:short)%00%(objectname)%00%(upstream:track)%00%(upstream:remotename)%00%(upstream:remoteref) refs/heads/main refs/remotes/main [3ms]
2023-05-08 12:16:28.382 [info] > git status -z -uall [2ms]
2023-05-08 12:16:33.395 [info] > git config --get commit.template [4ms]
2023-05-08 12:16:33.397 [info] > git for-each-ref --format=%(refname)%00%(upstream:short)%00%(objectname)%00%(upstream:track)%00%(upstream:remotename)%00%(upstream:remoteref) refs/heads/main refs/remotes/main [3ms]
2023-05-08 12:16:33.402 [info] > git status -z -uall [2ms]
2023-05-08 12:16:47.064 [info] > git config --get commit.template [5ms]
2023-05-08 12:16:47.066 [info] > git for-each-ref --format=%(refname)%00%(upstream:short)%00%(objectname)%00%(upstream:track)%00%(upstream:remotename)%00%(upstream:remoteref) refs/heads/main refs/remotes/main [3ms]
2023-05-08 12:16:47.071 [info] > git status -z -uall [2ms]
2023-05-08 12:18:36.250 [info] > git config --get commit.template [5ms]
2023-05-08 12:18:36.252 [info] > git for-each-ref --format=%(refname)%00%(upstream:short)%00%(objectname)%00%(upstream:track)%00%(upstream:remotename)%00%(upstream:remoteref) refs/heads/main refs/remotes/main [3ms]
2023-05-08 12:18:36.258 [info] > git status -z -uall [3ms]
2023-05-08 12:18:41.269 [info] > git config --get commit.template [5ms]
2023-05-08 12:18:41.271 [info] > git for-each-ref --format=%(refname)%00%(upstream:short)%00%(objectname)%00%(upstream:track)%00%(upstream:remotename)%00%(upstream:remoteref) refs/heads/main refs/remotes/main [3ms]
2023-05-08 12:18:41.276 [info] > git status -z -uall [2ms]
2023-05-08 12:18:46.287 [info] > git config --get commit.template [4ms]
2023-05-08 12:18:46.289 [info] > git for-each-ref --format=%(refname)%00%(upstream:short)%00%(objectname)%00%(upstream:track)%00%(upstream:remotename)%00%(upstream:remoteref) refs/heads/main refs/remotes/main [3ms]
2023-05-08 12:18:46.294 [info] > git status -z -uall [2ms]
2023-05-08 12:18:51.306 [info] > git config --get commit.template [6ms]
2023-05-08 12:18:51.309 [info] > git for-each-ref --format=%(refname)%00%(upstream:short)%00%(objectname)%00%(upstream:track)%00%(upstream:remotename)%00%(upstream:remoteref) refs/heads/main refs/remotes/main [3ms]
2023-05-08 12:18:51.314 [info] > git status -z -uall [3ms]
2023-05-08 12:19:52.842 [info] > git config --get commit.template [4ms]
2023-05-08 12:19:52.844 [info] > git for-each-ref --format=%(refname)%00%(upstream:short)%00%(objectname)%00%(upstream:track)%00%(upstream:remotename)%00%(upstream:remoteref) refs/heads/main refs/remotes/main [2ms]
2023-05-08 12:19:52.849 [info] > git status -z -uall [2ms]
2023-05-08 12:20:03.245 [info] > git config --get commit.template [6ms]
2023-05-08 12:20:03.247 [info] > git for-each-ref --format=%(refname)%00%(upstream:short)%00%(objectname)%00%(upstream:track)%00%(upstream:remotename)%00%(upstream:remoteref) refs/heads/main refs/remotes/main [3ms]
2023-05-08 12:20:03.252 [info] > git status -z -uall [2ms]
2023-05-08 12:20:08.263 [info] > git config --get commit.template [5ms]
2023-05-08 12:20:08.265 [info] > git for-each-ref --format=%(refname)%00%(upstream:short)%00%(objectname)%00%(upstream:track)%00%(upstream:remotename)%00%(upstream:remoteref) refs/heads/main refs/remotes/main [2ms]
2023-05-08 12:20:08.270 [info] > git status -z -uall [2ms]
2023-05-08 12:20:29.487 [info] > git config --get commit.template [5ms]
2023-05-08 12:20:29.489 [info] > git for-each-ref --format=%(refname)%00%(upstream:short)%00%(objectname)%00%(upstream:track)%00%(upstream:remotename)%00%(upstream:remoteref) refs/heads/main refs/remotes/main [3ms]
2023-05-08 12:20:29.494 [info] > git status -z -uall [2ms]
2023-05-08 12:20:34.507 [info] > git config --get commit.template [5ms]
2023-05-08 12:20:34.509 [info] > git for-each-ref --format=%(refname)%00%(upstream:short)%00%(objectname)%00%(upstream:track)%00%(upstream:remotename)%00%(upstream:remoteref) refs/heads/main refs/remotes/main [3ms]
2023-05-08 12:20:34.514 [info] > git status -z -uall [2ms]
2023-05-08 12:23:11.743 [info] > git config --get commit.template [7ms]
2023-05-08 12:23:11.746 [info] > git for-each-ref --format=%(refname)%00%(upstream:short)%00%(objectname)%00%(upstream:track)%00%(upstream:remotename)%00%(upstream:remoteref) refs/heads/main refs/remotes/main [3ms]
2023-05-08 12:23:11.751 [info] > git status -z -uall [3ms]
2023-05-08 12:26:26.226 [info] > git config --get commit.template [5ms]
2023-05-08 12:26:26.228 [info] > git for-each-ref --format=%(refname)%00%(upstream:short)%00%(objectname)%00%(upstream:track)%00%(upstream:remotename)%00%(upstream:remoteref) refs/heads/main refs/remotes/main [3ms]
2023-05-08 12:26:26.233 [info] > git status -z -uall [2ms]
2023-05-08 12:26:53.372 [info] > git config --get commit.template [4ms]
2023-05-08 12:26:53.375 [info] > git for-each-ref --format=%(refname)%00%(upstream:short)%00%(objectname)%00%(upstream:track)%00%(upstream:remotename)%00%(upstream:remoteref) refs/heads/main refs/remotes/main [2ms]
2023-05-08 12:26:53.380 [info] > git status -z -uall [3ms]
2023-05-08 12:33:09.621 [info] > git config --get commit.template [5ms]
2023-05-08 12:33:09.623 [info] > git for-each-ref --format=%(refname)%00%(upstream:short)%00%(objectname)%00%(upstream:track)%00%(upstream:remotename)%00%(upstream:remoteref) refs/heads/main refs/remotes/main [3ms]
2023-05-08 12:33:09.630 [info] > git status -z -uall [4ms]
2023-05-08 12:33:14.642 [info] > git config --get commit.template [4ms]
2023-05-08 12:33:14.644 [info] > git for-each-ref --format=%(refname)%00%(upstream:short)%00%(objectname)%00%(upstream:track)%00%(upstream:remotename)%00%(upstream:remoteref) refs/heads/main refs/remotes/main [2ms]
2023-05-08 12:33:14.649 [info] > git status -z -uall [2ms]
2023-05-08 12:36:24.074 [info] > git config --get commit.template [5ms]
2023-05-08 12:36:24.076 [info] > git for-each-ref --format=%(refname)%00%(upstream:short)%00%(objectname)%00%(upstream:track)%00%(upstream:remotename)%00%(upstream:remoteref) refs/heads/main refs/remotes/main [3ms]
2023-05-08 12:36:24.082 [info] > git status -z -uall [3ms]
2023-05-08 12:36:29.094 [info] > git config --get commit.template [5ms]
2023-05-08 12:36:29.096 [info] > git for-each-ref --format=%(refname)%00%(upstream:short)%00%(objectname)%00%(upstream:track)%00%(upstream:remotename)%00%(upstream:remoteref) refs/heads/main refs/remotes/main [3ms]
2023-05-08 12:36:29.102 [info] > git status -z -uall [3ms]
2023-05-08 12:45:23.469 [info] > git config --get commit.template [4ms]
2023-05-08 12:45:23.472 [info] > git for-each-ref --format=%(refname)%00%(upstream:short)%00%(objectname)%00%(upstream:track)%00%(upstream:remotename)%00%(upstream:remoteref) refs/heads/main refs/remotes/main [3ms]
2023-05-08 12:45:23.477 [info] > git status -z -uall [2ms]
2023-05-08 12:46:45.855 [info] > git config --get commit.template [5ms]
2023-05-08 12:46:45.857 [info] > git for-each-ref --format=%(refname)%00%(upstream:short)%00%(objectname)%00%(upstream:track)%00%(upstream:remotename)%00%(upstream:remoteref) refs/heads/main refs/remotes/main [2ms]
2023-05-08 12:46:45.862 [info] > git status -z -uall [2ms]
2023-05-08 12:47:31.236 [info] > git config --get commit.template [5ms]
2023-05-08 12:47:31.238 [info] > git for-each-ref --format=%(refname)%00%(upstream:short)%00%(objectname)%00%(upstream:track)%00%(upstream:remotename)%00%(upstream:remoteref) refs/heads/main refs/remotes/main [2ms]
2023-05-08 12:47:31.244 [info] > git status -z -uall [2ms]
2023-05-08 12:47:39.808 [info] > git config --get commit.template [5ms]
2023-05-08 12:47:39.810 [info] > git for-each-ref --format=%(refname)%00%(upstream:short)%00%(objectname)%00%(upstream:track)%00%(upstream:remotename)%00%(upstream:remoteref) refs/heads/main refs/remotes/main [3ms]
2023-05-08 12:47:39.816 [info] > git status -z -uall [3ms]
2023-05-08 12:47:56.756 [info] > git config --get commit.template [5ms]
2023-05-08 12:47:56.758 [info] > git for-each-ref --format=%(refname)%00%(upstream:short)%00%(objectname)%00%(upstream:track)%00%(upstream:remotename)%00%(upstream:remoteref) refs/heads/main refs/remotes/main [3ms]
2023-05-08 12:47:56.763 [info] > git status -z -uall [2ms]
2023-05-08 12:48:15.227 [info] > git config --get commit.template [5ms]
2023-05-08 12:48:15.229 [info] > git for-each-ref --format=%(refname)%00%(upstream:short)%00%(objectname)%00%(upstream:track)%00%(upstream:remotename)%00%(upstream:remoteref) refs/heads/main refs/remotes/main [3ms]
2023-05-08 12:48:15.234 [info] > git status -z -uall [2ms]
2023-05-08 12:48:26.734 [info] > git config --get commit.template [5ms]
2023-05-08 12:48:26.736 [info] > git for-each-ref --format=%(refname)%00%(upstream:short)%00%(objectname)%00%(upstream:track)%00%(upstream:remotename)%00%(upstream:remoteref) refs/heads/main refs/remotes/main [3ms]
2023-05-08 12:48:26.741 [info] > git status -z -uall [2ms]
2023-05-08 12:48:33.476 [info] > git config --get commit.template [5ms]
2023-05-08 12:48:33.479 [info] > git for-each-ref --format=%(refname)%00%(upstream:short)%00%(objectname)%00%(upstream:track)%00%(upstream:remotename)%00%(upstream:remoteref) refs/heads/main refs/remotes/main [4ms]
2023-05-08 12:48:33.485 [info] > git status -z -uall [3ms]
2023-05-08 12:48:48.691 [info] > git config --get commit.template [5ms]
2023-05-08 12:48:48.693 [info] > git for-each-ref --format=%(refname)%00%(upstream:short)%00%(objectname)%00%(upstream:track)%00%(upstream:remotename)%00%(upstream:remoteref) refs/heads/main refs/remotes/main [3ms]
2023-05-08 12:48:48.698 [info] > git status -z -uall [2ms]
2023-05-08 12:48:53.710 [info] > git config --get commit.template [4ms]
2023-05-08 12:48:53.713 [info] > git for-each-ref --format=%(refname)%00%(upstream:short)%00%(objectname)%00%(upstream:track)%00%(upstream:remotename)%00%(upstream:remoteref) refs/heads/main refs/remotes/main [3ms]
2023-05-08 12:48:53.718 [info] > git status -z -uall [3ms]
2023-05-08 12:48:58.730 [info] > git config --get commit.template [4ms]
2023-05-08 12:48:58.732 [info] > git for-each-ref --format=%(refname)%00%(upstream:short)%00%(objectname)%00%(upstream:track)%00%(upstream:remotename)%00%(upstream:remoteref) refs/heads/main refs/remotes/main [3ms]
2023-05-08 12:48:58.737 [info] > git status -z -uall [2ms]
2023-05-08 12:49:03.748 [info] > git config --get commit.template [4ms]
2023-05-08 12:49:03.751 [info] > git for-each-ref --format=%(refname)%00%(upstream:short)%00%(objectname)%00%(upstream:track)%00%(upstream:remotename)%00%(upstream:remoteref) refs/heads/main refs/remotes/main [3ms]
2023-05-08 12:49:03.757 [info] > git status -z -uall [3ms]
2023-05-08 12:49:28.923 [info] > git config --get commit.template [5ms]
2023-05-08 12:49:28.926 [info] > git for-each-ref --format=%(refname)%00%(upstream:short)%00%(objectname)%00%(upstream:track)%00%(upstream:remotename)%00%(upstream:remoteref) refs/heads/main refs/remotes/main [3ms]
2023-05-08 12:49:28.931 [info] > git status -z -uall [2ms]
2023-05-08 12:49:38.288 [info] > git config --get commit.template [11ms]
2023-05-08 12:49:38.296 [info] > git for-each-ref --format=%(refname)%00%(upstream:short)%00%(objectname)%00%(upstream:track)%00%(upstream:remotename)%00%(upstream:remoteref) refs/heads/main refs/remotes/main [9ms]
2023-05-08 12:49:38.306 [info] > git status -z -uall [3ms]
2023-05-08 12:49:43.320 [info] > git config --get commit.template [4ms]
2023-05-08 12:49:43.323 [info] > git for-each-ref --format=%(refname)%00%(upstream:short)%00%(objectname)%00%(upstream:track)%00%(upstream:remotename)%00%(upstream:remoteref) refs/heads/main refs/remotes/main [3ms]
2023-05-08 12:49:43.328 [info] > git status -z -uall [2ms]
2023-05-08 12:49:48.341 [info] > git config --get commit.template [5ms]
2023-05-08 12:49:48.343 [info] > git for-each-ref --format=%(refname)%00%(upstream:short)%00%(objectname)%00%(upstream:track)%00%(upstream:remotename)%00%(upstream:remoteref) refs/heads/main refs/remotes/main [3ms]
2023-05-08 12:49:48.349 [info] > git status -z -uall [3ms]
2023-05-08 12:57:33.274 [info] > git config --get commit.template [4ms]
2023-05-08 12:57:33.277 [info] > git for-each-ref --format=%(refname)%00%(upstream:short)%00%(objectname)%00%(upstream:track)%00%(upstream:remotename)%00%(upstream:remoteref) refs/heads/main refs/remotes/main [3ms]
2023-05-08 12:57:33.282 [info] > git status -z -uall [2ms]
2023-05-08 12:57:38.293 [info] > git config --get commit.template [5ms]
2023-05-08 12:57:38.295 [info] > git for-each-ref --format=%(refname)%00%(upstream:short)%00%(objectname)%00%(upstream:track)%00%(upstream:remotename)%00%(upstream:remoteref) refs/heads/main refs/remotes/main [3ms]
2023-05-08 12:57:38.300 [info] > git status -z -uall [2ms]
2023-05-08 12:57:45.368 [info] > git config --get commit.template [4ms]
2023-05-08 12:57:45.370 [info] > git for-each-ref --format=%(refname)%00%(upstream:short)%00%(objectname)%00%(upstream:track)%00%(upstream:remotename)%00%(upstream:remoteref) refs/heads/main refs/remotes/main [3ms]
2023-05-08 12:57:45.375 [info] > git status -z -uall [2ms]
2023-05-08 12:57:50.386 [info] > git config --get commit.template [5ms]
2023-05-08 12:57:50.388 [info] > git for-each-ref --format=%(refname)%00%(upstream:short)%00%(objectname)%00%(upstream:track)%00%(upstream:remotename)%00%(upstream:remoteref) refs/heads/main refs/remotes/main [3ms]
2023-05-08 12:57:50.393 [info] > git status -z -uall [2ms]
2023-05-08 13:00:34.184 [info] > git config --get commit.template [4ms]
2023-05-08 13:00:34.188 [info] > git for-each-ref --format=%(refname)%00%(upstream:short)%00%(objectname)%00%(upstream:track)%00%(upstream:remotename)%00%(upstream:remoteref) refs/heads/main refs/remotes/main [4ms]
2023-05-08 13:00:34.193 [info] > git status -z -uall [3ms]
2023-05-08 13:01:04.821 [info] > git config --get commit.template [5ms]
2023-05-08 13:01:04.824 [info] > git for-each-ref --format=%(refname)%00%(upstream:short)%00%(objectname)%00%(upstream:track)%00%(upstream:remotename)%00%(upstream:remoteref) refs/heads/main refs/remotes/main [4ms]
2023-05-08 13:01:04.830 [info] > git status -z -uall [3ms]
2023-05-08 13:01:11.552 [info] > git config --get commit.template [5ms]
2023-05-08 13:01:11.554 [info] > git for-each-ref --format=%(refname)%00%(upstream:short)%00%(objectname)%00%(upstream:track)%00%(upstream:remotename)%00%(upstream:remoteref) refs/heads/main refs/remotes/main [3ms]
2023-05-08 13:01:11.559 [info] > git status -z -uall [2ms]
2023-05-08 13:05:44.890 [info] > git config --get commit.template [6ms]
2023-05-08 13:05:44.893 [info] > git for-each-ref --format=%(refname)%00%(upstream:short)%00%(objectname)%00%(upstream:track)%00%(upstream:remotename)%00%(upstream:remoteref) refs/heads/main refs/remotes/main [3ms]
2023-05-08 13:05:44.898 [info] > git status -z -uall [2ms]
2023-05-08 13:12:49.784 [info] > git config --get commit.template [5ms]
2023-05-08 13:12:49.787 [info] > git for-each-ref --format=%(refname)%00%(upstream:short)%00%(objectname)%00%(upstream:track)%00%(upstream:remotename)%00%(upstream:remoteref) refs/heads/main refs/remotes/main [4ms]
2023-05-08 13:12:49.792 [info] > git status -z -uall [2ms]
2023-05-08 13:13:05.945 [info] > git config --get commit.template [6ms]
2023-05-08 13:13:05.951 [info] > git for-each-ref --format=%(refname)%00%(upstream:short)%00%(objectname)%00%(upstream:track)%00%(upstream:remotename)%00%(upstream:remoteref) refs/heads/main refs/remotes/main [7ms]
2023-05-08 13:13:05.963 [info] > git status -z -uall [4ms]
2023-05-08 13:13:10.986 [info] > git config --get commit.template [5ms]
2023-05-08 13:13:10.988 [info] > git for-each-ref --format=%(refname)%00%(upstream:short)%00%(objectname)%00%(upstream:track)%00%(upstream:remotename)%00%(upstream:remoteref) refs/heads/main refs/remotes/main [3ms]
2023-05-08 13:13:10.993 [info] > git status -z -uall [2ms]
2023-05-08 13:14:39.293 [info] > git config --get commit.template [5ms]
2023-05-08 13:14:39.296 [info] > git for-each-ref --format=%(refname)%00%(upstream:short)%00%(objectname)%00%(upstream:track)%00%(upstream:remotename)%00%(upstream:remoteref) refs/heads/main refs/remotes/main [3ms]
2023-05-08 13:14:39.300 [info] > git status -z -uall [2ms]
2023-05-08 13:14:47.540 [info] > git config --get commit.template [4ms]
2023-05-08 13:14:47.543 [info] > git for-each-ref --format=%(refname)%00%(upstream:short)%00%(objectname)%00%(upstream:track)%00%(upstream:remotename)%00%(upstream:remoteref) refs/heads/main refs/remotes/main [3ms]
2023-05-08 13:14:47.548 [info] > git status -z -uall [2ms]
2023-05-08 13:17:45.028 [info] > git config --get commit.template [5ms]
2023-05-08 13:17:45.030 [info] > git for-each-ref --format=%(refname)%00%(upstream:short)%00%(objectname)%00%(upstream:track)%00%(upstream:remotename)%00%(upstream:remoteref) refs/heads/main refs/remotes/main [4ms]
2023-05-08 13:17:45.035 [info] > git status -z -uall [3ms]
2023-05-08 13:17:50.047 [info] > git config --get commit.template [4ms]
2023-05-08 13:17:50.049 [info] > git for-each-ref --format=%(refname)%00%(upstream:short)%00%(objectname)%00%(upstream:track)%00%(upstream:remotename)%00%(upstream:remoteref) refs/heads/main refs/remotes/main [3ms]
2023-05-08 13:17:50.055 [info] > git status -z -uall [3ms]
2023-05-08 13:17:55.067 [info] > git config --get commit.template [5ms]
2023-05-08 13:17:55.069 [info] > git for-each-ref --format=%(refname)%00%(upstream:short)%00%(objectname)%00%(upstream:track)%00%(upstream:remotename)%00%(upstream:remoteref) refs/heads/main refs/remotes/main [2ms]
2023-05-08 13:17:55.074 [info] > git status -z -uall [2ms]
2023-05-08 13:18:01.743 [info] > git config --get commit.template [6ms]
2023-05-08 13:18:01.745 [info] > git for-each-ref --format=%(refname)%00%(upstream:short)%00%(objectname)%00%(upstream:track)%00%(upstream:remotename)%00%(upstream:remoteref) refs/heads/main refs/remotes/main [3ms]
2023-05-08 13:18:01.751 [info] > git status -z -uall [3ms]
2023-05-08 13:18:06.762 [info] > git config --get commit.template [5ms]
2023-05-08 13:18:06.765 [info] > git for-each-ref --format=%(refname)%00%(upstream:short)%00%(objectname)%00%(upstream:track)%00%(upstream:remotename)%00%(upstream:remoteref) refs/heads/main refs/remotes/main [4ms]
2023-05-08 13:18:06.770 [info] > git status -z -uall [2ms]
2023-05-08 13:18:11.782 [info] > git config --get commit.template [5ms]
2023-05-08 13:18:11.784 [info] > git for-each-ref --format=%(refname)%00%(upstream:short)%00%(objectname)%00%(upstream:track)%00%(upstream:remotename)%00%(upstream:remoteref) refs/heads/main refs/remotes/main [3ms]
2023-05-08 13:18:11.789 [info] > git status -z -uall [2ms]
2023-05-08 13:18:16.802 [info] > git config --get commit.template [5ms]
2023-05-08 13:18:16.804 [info] > git for-each-ref --format=%(refname)%00%(upstream:short)%00%(objectname)%00%(upstream:track)%00%(upstream:remotename)%00%(upstream:remoteref) refs/heads/main refs/remotes/main [3ms]
2023-05-08 13:18:16.810 [info] > git status -z -uall [2ms]
2023-05-08 13:18:35.410 [info] > git config --get commit.template [4ms]
2023-05-08 13:18:35.412 [info] > git for-each-ref --format=%(refname)%00%(upstream:short)%00%(objectname)%00%(upstream:track)%00%(upstream:remotename)%00%(upstream:remoteref) refs/heads/main refs/remotes/main [3ms]
2023-05-08 13:18:35.417 [info] > git status -z -uall [2ms]
2023-05-08 13:18:41.901 [info] > git config --get commit.template [6ms]
2023-05-08 13:18:41.903 [info] > git for-each-ref --format=%(refname)%00%(upstream:short)%00%(objectname)%00%(upstream:track)%00%(upstream:remotename)%00%(upstream:remoteref) refs/heads/main refs/remotes/main [3ms]
2023-05-08 13:18:41.909 [info] > git status -z -uall [3ms]
2023-05-08 13:19:40.947 [info] > git config --get commit.template [4ms]
2023-05-08 13:19:40.949 [info] > git for-each-ref --format=%(refname)%00%(upstream:short)%00%(objectname)%00%(upstream:track)%00%(upstream:remotename)%00%(upstream:remoteref) refs/heads/main refs/remotes/main [2ms]
2023-05-08 13:19:40.956 [info] > git status -z -uall [4ms]
2023-05-08 13:19:45.967 [info] > git config --get commit.template [4ms]
2023-05-08 13:19:45.969 [info] > git for-each-ref --format=%(refname)%00%(upstream:short)%00%(objectname)%00%(upstream:track)%00%(upstream:remotename)%00%(upstream:remoteref) refs/heads/main refs/remotes/main [2ms]
2023-05-08 13:19:45.975 [info] > git status -z -uall [3ms]
2023-05-08 13:19:57.184 [info] > git config --get commit.template [5ms]
2023-05-08 13:19:57.186 [info] > git for-each-ref --format=%(refname)%00%(upstream:short)%00%(objectname)%00%(upstream:track)%00%(upstream:remotename)%00%(upstream:remoteref) refs/heads/main refs/remotes/main [3ms]
2023-05-08 13:19:57.191 [info] > git status -z -uall [2ms]
2023-05-08 13:25:37.896 [info] > git config --get commit.template [6ms]
2023-05-08 13:25:37.898 [info] > git for-each-ref --format=%(refname)%00%(upstream:short)%00%(objectname)%00%(upstream:track)%00%(upstream:remotename)%00%(upstream:remoteref) refs/heads/main refs/remotes/main [3ms]
2023-05-08 13:25:37.904 [info] > git status -z -uall [2ms]
2023-05-08 13:26:29.130 [info] > git config --get commit.template [4ms]
2023-05-08 13:26:29.132 [info] > git for-each-ref --format=%(refname)%00%(upstream:short)%00%(objectname)%00%(upstream:track)%00%(upstream:remotename)%00%(upstream:remoteref) refs/heads/main refs/remotes/main [3ms]
2023-05-08 13:26:29.138 [info] > git status -z -uall [3ms]
2023-05-08 13:26:49.996 [info] > git config --get commit.template [5ms]
2023-05-08 13:26:49.999 [info] > git for-each-ref --format=%(refname)%00%(upstream:short)%00%(objectname)%00%(upstream:track)%00%(upstream:remotename)%00%(upstream:remoteref) refs/heads/main refs/remotes/main [3ms]
2023-05-08 13:26:50.004 [info] > git status -z -uall [2ms]
2023-05-08 13:27:11.075 [info] > git config --get commit.template [5ms]
2023-05-08 13:27:11.077 [info] > git for-each-ref --format=%(refname)%00%(upstream:short)%00%(objectname)%00%(upstream:track)%00%(upstream:remotename)%00%(upstream:remoteref) refs/heads/main refs/remotes/main [3ms]
2023-05-08 13:27:11.082 [info] > git status -z -uall [2ms]
2023-05-08 13:27:20.224 [info] > git config --get commit.template [4ms]
2023-05-08 13:27:20.226 [info] > git for-each-ref --format=%(refname)%00%(upstream:short)%00%(objectname)%00%(upstream:track)%00%(upstream:remotename)%00%(upstream:remoteref) refs/heads/main refs/remotes/main [2ms]
2023-05-08 13:27:20.232 [info] > git status -z -uall [2ms]
2023-05-08 13:38:48.475 [info] > git config --get commit.template [4ms]
2023-05-08 13:38:48.477 [info] > git for-each-ref --format=%(refname)%00%(upstream:short)%00%(objectname)%00%(upstream:track)%00%(upstream:remotename)%00%(upstream:remoteref) refs/heads/main refs/remotes/main [3ms]
2023-05-08 13:38:48.482 [info] > git status -z -uall [2ms]
2023-05-08 13:38:53.500 [info] > git config --get commit.template [4ms]
2023-05-08 13:38:53.502 [info] > git for-each-ref --format=%(refname)%00%(upstream:short)%00%(objectname)%00%(upstream:track)%00%(upstream:remotename)%00%(upstream:remoteref) refs/heads/main refs/remotes/main [2ms]
2023-05-08 13:38:53.508 [info] > git status -z -uall [3ms]
2023-05-08 13:38:58.519 [info] > git config --get commit.template [5ms]
2023-05-08 13:38:58.521 [info] > git for-each-ref --format=%(refname)%00%(upstream:short)%00%(objectname)%00%(upstream:track)%00%(upstream:remotename)%00%(upstream:remoteref) refs/heads/main refs/remotes/main [3ms]
2023-05-08 13:38:58.526 [info] > git status -z -uall [2ms]
2023-05-08 13:40:49.283 [info] > git config --get commit.template [4ms]
2023-05-08 13:40:49.286 [info] > git for-each-ref --format=%(refname)%00%(upstream:short)%00%(objectname)%00%(upstream:track)%00%(upstream:remotename)%00%(upstream:remoteref) refs/heads/main refs/remotes/main [3ms]
2023-05-08 13:40:49.291 [info] > git status -z -uall [2ms]
2023-05-08 13:41:07.420 [info] > git config --get commit.template [1ms]
2023-05-08 13:41:07.434 [info] > git for-each-ref --format=%(refname)%00%(upstream:short)%00%(objectname)%00%(upstream:track)%00%(upstream:remotename)%00%(upstream:remoteref) refs/heads/main refs/remotes/main [2ms]
2023-05-08 13:41:07.441 [info] > git status -z -uall [3ms]
2023-05-08 13:41:12.451 [info] > git config --get commit.template [5ms]
2023-05-08 13:41:12.453 [info] > git for-each-ref --format=%(refname)%00%(upstream:short)%00%(objectname)%00%(upstream:track)%00%(upstream:remotename)%00%(upstream:remoteref) refs/heads/main refs/remotes/main [3ms]
2023-05-08 13:41:12.459 [info] > git status -z -uall [3ms]
2023-05-08 13:41:17.472 [info] > git config --get commit.template [5ms]
2023-05-08 13:41:17.474 [info] > git for-each-ref --format=%(refname)%00%(upstream:short)%00%(objectname)%00%(upstream:track)%00%(upstream:remotename)%00%(upstream:remoteref) refs/heads/main refs/remotes/main [3ms]
2023-05-08 13:41:17.483 [info] > git status -z -uall [5ms]
2023-05-08 13:42:04.437 [info] > git config --get commit.template [4ms]
2023-05-08 13:42:04.440 [info] > git for-each-ref --format=%(refname)%00%(upstream:short)%00%(objectname)%00%(upstream:track)%00%(upstream:remotename)%00%(upstream:remoteref) refs/heads/main refs/remotes/main [3ms]
2023-05-08 13:42:04.446 [info] > git status -z -uall [3ms]
2023-05-08 13:42:10.404 [info] > git config --get commit.template [5ms]
2023-05-08 13:42:10.406 [info] > git for-each-ref --format=%(refname)%00%(upstream:short)%00%(objectname)%00%(upstream:track)%00%(upstream:remotename)%00%(upstream:remoteref) refs/heads/main refs/remotes/main [3ms]
2023-05-08 13:42:10.411 [info] > git status -z -uall [2ms]
2023-05-08 13:42:15.425 [info] > git config --get commit.template [5ms]
2023-05-08 13:42:15.427 [info] > git for-each-ref --format=%(refname)%00%(upstream:short)%00%(objectname)%00%(upstream:track)%00%(upstream:remotename)%00%(upstream:remoteref) refs/heads/main refs/remotes/main [3ms]
2023-05-08 13:42:15.434 [info] > git status -z -uall [3ms]
2023-05-08 14:02:10.993 [info] > git config --get commit.template [5ms]
2023-05-08 14:02:10.996 [info] > git for-each-ref --format=%(refname)%00%(upstream:short)%00%(objectname)%00%(upstream:track)%00%(upstream:remotename)%00%(upstream:remoteref) refs/heads/main refs/remotes/main [3ms]
2023-05-08 14:02:11.001 [info] > git status -z -uall [2ms]
2023-05-08 14:03:26.531 [info] > git config --get commit.template [4ms]
2023-05-08 14:03:26.534 [info] > git for-each-ref --format=%(refname)%00%(upstream:short)%00%(objectname)%00%(upstream:track)%00%(upstream:remotename)%00%(upstream:remoteref) refs/heads/main refs/remotes/main [4ms]
2023-05-08 14:03:26.539 [info] > git status -z -uall [2ms]
2023-05-08 14:03:35.907 [info] > git config --get commit.template [4ms]
2023-05-08 14:03:35.909 [info] > git for-each-ref --format=%(refname)%00%(upstream:short)%00%(objectname)%00%(upstream:track)%00%(upstream:remotename)%00%(upstream:remoteref) refs/heads/main refs/remotes/main [3ms]
2023-05-08 14:03:35.915 [info] > git status -z -uall [3ms]
2023-05-08 14:04:25.087 [info] > git config --get commit.template [5ms]
2023-05-08 14:04:25.089 [info] > git for-each-ref --format=%(refname)%00%(upstream:short)%00%(objectname)%00%(upstream:track)%00%(upstream:remotename)%00%(upstream:remoteref) refs/heads/main refs/remotes/main [3ms]
2023-05-08 14:04:25.094 [info] > git status -z -uall [2ms]
2023-05-08 14:04:30.105 [info] > git config --get commit.template [4ms]
2023-05-08 14:04:30.107 [info] > git for-each-ref --format=%(refname)%00%(upstream:short)%00%(objectname)%00%(upstream:track)%00%(upstream:remotename)%00%(upstream:remoteref) refs/heads/main refs/remotes/main [3ms]
2023-05-08 14:04:30.112 [info] > git status -z -uall [2ms]
2023-05-08 14:05:27.309 [info] > git config --get commit.template [5ms]
2023-05-08 14:05:27.311 [info] > git for-each-ref --format=%(refname)%00%(upstream:short)%00%(objectname)%00%(upstream:track)%00%(upstream:remotename)%00%(upstream:remoteref) refs/heads/main refs/remotes/main [3ms]
2023-05-08 14:05:27.317 [info] > git status -z -uall [3ms]
2023-05-08 14:05:32.330 [info] > git config --get commit.template [4ms]
2023-05-08 14:05:32.333 [info] > git for-each-ref --format=%(refname)%00%(upstream:short)%00%(objectname)%00%(upstream:track)%00%(upstream:remotename)%00%(upstream:remoteref) refs/heads/main refs/remotes/main [3ms]
2023-05-08 14:05:32.338 [info] > git status -z -uall [2ms]
2023-05-08 14:27:50.615 [info] > git config --get commit.template [5ms]
2023-05-08 14:27:50.617 [info] > git for-each-ref --format=%(refname)%00%(upstream:short)%00%(objectname)%00%(upstream:track)%00%(upstream:remotename)%00%(upstream:remoteref) refs/heads/main refs/remotes/main [3ms]
2023-05-08 14:27:50.623 [info] > git status -z -uall [3ms]
2023-05-08 14:27:59.802 [info] > git config --get commit.template [6ms]
2023-05-08 14:27:59.806 [info] > git for-each-ref --format=%(refname)%00%(upstream:short)%00%(objectname)%00%(upstream:track)%00%(upstream:remotename)%00%(upstream:remoteref) refs/heads/main refs/remotes/main [4ms]
2023-05-08 14:27:59.815 [info] > git status -z -uall [4ms]
2023-05-08 14:28:04.827 [info] > git config --get commit.template [4ms]
2023-05-08 14:28:04.829 [info] > git for-each-ref --format=%(refname)%00%(upstream:short)%00%(objectname)%00%(upstream:track)%00%(upstream:remotename)%00%(upstream:remoteref) refs/heads/main refs/remotes/main [2ms]
2023-05-08 14:28:04.834 [info] > git status -z -uall [2ms]
2023-05-08 14:36:14.995 [info] > git config --get commit.template [4ms]
2023-05-08 14:36:14.997 [info] > git for-each-ref --format=%(refname)%00%(upstream:short)%00%(objectname)%00%(upstream:track)%00%(upstream:remotename)%00%(upstream:remoteref) refs/heads/main refs/remotes/main [3ms]
2023-05-08 14:36:15.003 [info] > git status -z -uall [3ms]
2023-05-08 14:36:20.016 [info] > git config --get commit.template [6ms]
2023-05-08 14:36:20.019 [info] > git for-each-ref --format=%(refname)%00%(upstream:short)%00%(objectname)%00%(upstream:track)%00%(upstream:remotename)%00%(upstream:remoteref) refs/heads/main refs/remotes/main [4ms]
2023-05-08 14:36:20.024 [info] > git status -z -uall [2ms]
2023-05-08 14:36:25.034 [info] > git config --get commit.template [4ms]
2023-05-08 14:36:25.036 [info] > git for-each-ref --format=%(refname)%00%(upstream:short)%00%(objectname)%00%(upstream:track)%00%(upstream:remotename)%00%(upstream:remoteref) refs/heads/main refs/remotes/main [2ms]
2023-05-08 14:36:25.041 [info] > git status -z -uall [2ms]
2023-05-08 14:36:31.368 [info] > git config --get commit.template [4ms]
2023-05-08 14:36:31.370 [info] > git for-each-ref --format=%(refname)%00%(upstream:short)%00%(objectname)%00%(upstream:track)%00%(upstream:remotename)%00%(upstream:remoteref) refs/heads/main refs/remotes/main [2ms]
2023-05-08 14:36:31.375 [info] > git status -z -uall [2ms]
2023-05-08 14:36:36.387 [info] > git config --get commit.template [4ms]
2023-05-08 14:36:36.389 [info] > git for-each-ref --format=%(refname)%00%(upstream:short)%00%(objectname)%00%(upstream:track)%00%(upstream:remotename)%00%(upstream:remoteref) refs/heads/main refs/remotes/main [3ms]
2023-05-08 14:36:36.395 [info] > git status -z -uall [3ms]
2023-05-08 14:38:42.390 [info] > git config --get commit.template [5ms]
2023-05-08 14:38:42.392 [info] > git for-each-ref --format=%(refname)%00%(upstream:short)%00%(objectname)%00%(upstream:track)%00%(upstream:remotename)%00%(upstream:remoteref) refs/heads/main refs/remotes/main [3ms]
2023-05-08 14:38:42.397 [info] > git status -z -uall [2ms]
2023-05-08 14:38:48.234 [info] > git config --get commit.template [5ms]
2023-05-08 14:38:48.237 [info] > git for-each-ref --format=%(refname)%00%(upstream:short)%00%(objectname)%00%(upstream:track)%00%(upstream:remotename)%00%(upstream:remoteref) refs/heads/main refs/remotes/main [2ms]
2023-05-08 14:38:48.241 [info] > git status -z -uall [2ms]
2023-05-08 14:38:53.253 [info] > git config --get commit.template [5ms]
2023-05-08 14:38:53.255 [info] > git for-each-ref --format=%(refname)%00%(upstream:short)%00%(objectname)%00%(upstream:track)%00%(upstream:remotename)%00%(upstream:remoteref) refs/heads/main refs/remotes/main [3ms]
2023-05-08 14:38:53.260 [info] > git status -z -uall [2ms]
2023-05-08 14:39:18.869 [info] > git config --get commit.template [4ms]
2023-05-08 14:39:18.872 [info] > git for-each-ref --format=%(refname)%00%(upstream:short)%00%(objectname)%00%(upstream:track)%00%(upstream:remotename)%00%(upstream:remoteref) refs/heads/main refs/remotes/main [2ms]
2023-05-08 14:39:18.878 [info] > git status -z -uall [3ms]
2023-05-08 14:39:25.447 [info] > git config --get commit.template [4ms]
2023-05-08 14:39:25.450 [info] > git for-each-ref --format=%(refname)%00%(upstream:short)%00%(objectname)%00%(upstream:track)%00%(upstream:remotename)%00%(upstream:remoteref) refs/heads/main refs/remotes/main [3ms]
2023-05-08 14:39:25.455 [info] > git status -z -uall [2ms]
2023-05-08 14:39:33.729 [info] > git config --get commit.template [9ms]
2023-05-08 14:39:33.732 [info] > git for-each-ref --format=%(refname)%00%(upstream:short)%00%(objectname)%00%(upstream:track)%00%(upstream:remotename)%00%(upstream:remoteref) refs/heads/main refs/remotes/main [4ms]
2023-05-08 14:39:33.743 [info] > git status -z -uall [3ms]
2023-05-08 14:39:38.755 [info] > git config --get commit.template [5ms]
2023-05-08 14:39:38.757 [info] > git for-each-ref --format=%(refname)%00%(upstream:short)%00%(objectname)%00%(upstream:track)%00%(upstream:remotename)%00%(upstream:remoteref) refs/heads/main refs/remotes/main [3ms]
2023-05-08 14:39:38.762 [info] > git status -z -uall [2ms]
2023-05-08 14:39:43.774 [info] > git config --get commit.template [4ms]
2023-05-08 14:39:43.777 [info] > git for-each-ref --format=%(refname)%00%(upstream:short)%00%(objectname)%00%(upstream:track)%00%(upstream:remotename)%00%(upstream:remoteref) refs/heads/main refs/remotes/main [2ms]
2023-05-08 14:39:43.781 [info] > git status -z -uall [2ms]
2023-05-08 14:48:32.520 [info] > git config --get commit.template [5ms]
2023-05-08 14:48:32.522 [info] > git for-each-ref --format=%(refname)%00%(upstream:short)%00%(objectname)%00%(upstream:track)%00%(upstream:remotename)%00%(upstream:remoteref) refs/heads/main refs/remotes/main [3ms]
2023-05-08 14:48:32.528 [info] > git status -z -uall [3ms]
2023-05-08 14:48:37.540 [info] > git config --get commit.template [4ms]
2023-05-08 14:48:37.543 [info] > git for-each-ref --format=%(refname)%00%(upstream:short)%00%(objectname)%00%(upstream:track)%00%(upstream:remotename)%00%(upstream:remoteref) refs/heads/main refs/remotes/main [2ms]
2023-05-08 14:48:37.547 [info] > git status -z -uall [2ms]
2023-05-08 14:51:02.842 [info] > git config --get commit.template [4ms]
2023-05-08 14:51:02.845 [info] > git for-each-ref --format=%(refname)%00%(upstream:short)%00%(objectname)%00%(upstream:track)%00%(upstream:remotename)%00%(upstream:remoteref) refs/heads/main refs/remotes/main [2ms]
2023-05-08 14:51:02.849 [info] > git status -z -uall [2ms]
2023-05-08 14:51:17.433 [info] > git config --get commit.template [5ms]
2023-05-08 14:51:17.435 [info] > git for-each-ref --format=%(refname)%00%(upstream:short)%00%(objectname)%00%(upstream:track)%00%(upstream:remotename)%00%(upstream:remoteref) refs/heads/main refs/remotes/main [3ms]
2023-05-08 14:51:17.440 [info] > git status -z -uall [2ms]
2023-05-08 14:51:22.451 [info] > git config --get commit.template [4ms]
2023-05-08 14:51:22.454 [info] > git for-each-ref --format=%(refname)%00%(upstream:short)%00%(objectname)%00%(upstream:track)%00%(upstream:remotename)%00%(upstream:remoteref) refs/heads/main refs/remotes/main [3ms]
2023-05-08 14:51:22.460 [info] > git status -z -uall [2ms]
2023-05-08 14:52:17.926 [info] > git config --get commit.template [4ms]
2023-05-08 14:52:17.928 [info] > git for-each-ref --format=%(refname)%00%(upstream:short)%00%(objectname)%00%(upstream:track)%00%(upstream:remotename)%00%(upstream:remoteref) refs/heads/main refs/remotes/main [3ms]
2023-05-08 14:52:17.933 [info] > git status -z -uall [3ms]
2023-05-08 14:52:39.080 [info] > git config --get commit.template [5ms]
2023-05-08 14:52:39.082 [info] > git for-each-ref --format=%(refname)%00%(upstream:short)%00%(objectname)%00%(upstream:track)%00%(upstream:remotename)%00%(upstream:remoteref) refs/heads/main refs/remotes/main [3ms]
2023-05-08 14:52:39.087 [info] > git status -z -uall [2ms]
2023-05-08 14:52:44.099 [info] > git config --get commit.template [6ms]
2023-05-08 14:52:44.101 [info] > git for-each-ref --format=%(refname)%00%(upstream:short)%00%(objectname)%00%(upstream:track)%00%(upstream:remotename)%00%(upstream:remoteref) refs/heads/main refs/remotes/main [3ms]
2023-05-08 14:52:44.106 [info] > git status -z -uall [2ms]
2023-05-08 14:52:58.890 [info] > git config --get commit.template [4ms]
2023-05-08 14:52:58.893 [info] > git for-each-ref --format=%(refname)%00%(upstream:short)%00%(objectname)%00%(upstream:track)%00%(upstream:remotename)%00%(upstream:remoteref) refs/heads/main refs/remotes/main [3ms]
2023-05-08 14:52:58.899 [info] > git status -z -uall [2ms]
2023-05-08 14:53:03.913 [info] > git config --get commit.template [5ms]
2023-05-08 14:53:03.915 [info] > git for-each-ref --format=%(refname)%00%(upstream:short)%00%(objectname)%00%(upstream:track)%00%(upstream:remotename)%00%(upstream:remoteref) refs/heads/main refs/remotes/main [3ms]
2023-05-08 14:53:03.920 [info] > git status -z -uall [2ms]
2023-05-08 14:53:08.931 [info] > git config --get commit.template [5ms]
2023-05-08 14:53:08.933 [info] > git for-each-ref --format=%(refname)%00%(upstream:short)%00%(objectname)%00%(upstream:track)%00%(upstream:remotename)%00%(upstream:remoteref) refs/heads/main refs/remotes/main [3ms]
2023-05-08 14:53:08.938 [info] > git status -z -uall [2ms]
2023-05-08 14:53:13.949 [info] > git config --get commit.template [4ms]
2023-05-08 14:53:13.951 [info] > git for-each-ref --format=%(refname)%00%(upstream:short)%00%(objectname)%00%(upstream:track)%00%(upstream:remotename)%00%(upstream:remoteref) refs/heads/main refs/remotes/main [2ms]
2023-05-08 14:53:13.956 [info] > git status -z -uall [2ms]
2023-05-08 14:53:18.974 [info] > git config --get commit.template [5ms]
2023-05-08 14:53:18.976 [info] > git for-each-ref --format=%(refname)%00%(upstream:short)%00%(objectname)%00%(upstream:track)%00%(upstream:remotename)%00%(upstream:remoteref) refs/heads/main refs/remotes/main [3ms]
2023-05-08 14:53:18.981 [info] > git status -z -uall [2ms]
2023-05-08 14:53:23.993 [info] > git config --get commit.template [5ms]
2023-05-08 14:53:23.995 [info] > git for-each-ref --format=%(refname)%00%(upstream:short)%00%(objectname)%00%(upstream:track)%00%(upstream:remotename)%00%(upstream:remoteref) refs/heads/main refs/remotes/main [2ms]
2023-05-08 14:53:24.001 [info] > git status -z -uall [3ms]
2023-05-08 14:53:29.012 [info] > git config --get commit.template [6ms]
2023-05-08 14:53:29.014 [info] > git for-each-ref --format=%(refname)%00%(upstream:short)%00%(objectname)%00%(upstream:track)%00%(upstream:remotename)%00%(upstream:remoteref) refs/heads/main refs/remotes/main [3ms]
2023-05-08 14:53:29.021 [info] > git status -z -uall [4ms]
2023-05-08 14:54:11.510 [info] > git config --get commit.template [4ms]
2023-05-08 14:54:11.513 [info] > git for-each-ref --format=%(refname)%00%(upstream:short)%00%(objectname)%00%(upstream:track)%00%(upstream:remotename)%00%(upstream:remoteref) refs/heads/main refs/remotes/main [3ms]
2023-05-08 14:54:11.518 [info] > git status -z -uall [3ms]
2023-05-08 14:56:22.697 [info] > git config --get commit.template [5ms]
2023-05-08 14:56:22.699 [info] > git for-each-ref --format=%(refname)%00%(upstream:short)%00%(objectname)%00%(upstream:track)%00%(upstream:remotename)%00%(upstream:remoteref) refs/heads/main refs/remotes/main [3ms]
2023-05-08 14:56:22.704 [info] > git status -z -uall [2ms]
2023-05-08 14:56:27.717 [info] > git config --get commit.template [5ms]
2023-05-08 14:56:27.719 [info] > git for-each-ref --format=%(refname)%00%(upstream:short)%00%(objectname)%00%(upstream:track)%00%(upstream:remotename)%00%(upstream:remoteref) refs/heads/main refs/remotes/main [3ms]
2023-05-08 14:56:27.724 [info] > git status -z -uall [2ms]
2023-05-08 14:56:32.735 [info] > git config --get commit.template [5ms]
2023-05-08 14:56:32.737 [info] > git for-each-ref --format=%(refname)%00%(upstream:short)%00%(objectname)%00%(upstream:track)%00%(upstream:remotename)%00%(upstream:remoteref) refs/heads/main refs/remotes/main [3ms]
2023-05-08 14:56:32.742 [info] > git status -z -uall [2ms]
2023-05-08 15:11:05.460 [info] > git config --get commit.template [10ms]
2023-05-08 15:11:05.462 [info] > git for-each-ref --format=%(refname)%00%(upstream:short)%00%(objectname)%00%(upstream:track)%00%(upstream:remotename)%00%(upstream:remoteref) refs/heads/main refs/remotes/main [3ms]
2023-05-08 15:11:05.471 [info] > git status -z -uall [5ms]
2023-05-08 15:11:10.482 [info] > git config --get commit.template [5ms]
2023-05-08 15:11:10.484 [info] > git for-each-ref --format=%(refname)%00%(upstream:short)%00%(objectname)%00%(upstream:track)%00%(upstream:remotename)%00%(upstream:remoteref) refs/heads/main refs/remotes/main [3ms]
2023-05-08 15:11:10.494 [info] > git status -z -uall [7ms]
2023-05-08 15:22:27.962 [info] > git config --get commit.template [10ms]
2023-05-08 15:22:27.965 [info] > git for-each-ref --format=%(refname)%00%(upstream:short)%00%(objectname)%00%(upstream:track)%00%(upstream:remotename)%00%(upstream:remoteref) refs/heads/main refs/remotes/main [4ms]
2023-05-08 15:22:27.975 [info] > git status -z -uall [2ms]
2023-05-08 15:22:32.987 [info] > git config --get commit.template [4ms]
2023-05-08 15:22:32.989 [info] > git for-each-ref --format=%(refname)%00%(upstream:short)%00%(objectname)%00%(upstream:track)%00%(upstream:remotename)%00%(upstream:remoteref) refs/heads/main refs/remotes/main [2ms]
2023-05-08 15:22:32.994 [info] > git status -z -uall [2ms]
