2023-05-05 14:51:08.001 [info] Log level: Info
2023-05-05 14:51:08.001 [info] Validating found git in: "git"
2023-05-05 14:51:08.001 [info] Using git "2.25.1" from "git"
2023-05-05 14:51:08.001 [info] > git rev-parse --show-toplevel [51ms]
2023-05-05 14:51:08.001 [info] fatal: not a git repository (or any of the parent directories): .git
2023-05-05 14:51:08.001 [info] > git rev-parse --show-toplevel [5ms]
2023-05-05 14:51:08.001 [info] fatal: not a git repository (or any of the parent directories): .git
2023-05-05 14:51:08.004 [info] > git rev-parse --show-toplevel [3ms]
2023-05-05 14:51:08.004 [info] fatal: not a git repository (or any of the parent directories): .git
2023-05-05 14:51:08.045 [info] > git rev-parse --show-toplevel [38ms]
2023-05-05 14:51:08.045 [info] fatal: not a git repository (or any of the parent directories): .git
2023-05-05 14:51:08.054 [info] > git rev-parse --show-toplevel [6ms]
2023-05-05 14:51:08.055 [info] fatal: not a git repository (or any of the parent directories): .git
2023-05-05 14:51:08.060 [info] > git rev-parse --show-toplevel [2ms]
2023-05-05 14:51:08.060 [info] fatal: not a git repository (or any of the parent directories): .git
2023-05-05 14:55:47.113 [info] > git rev-parse --show-toplevel [2ms]
2023-05-05 14:55:47.119 [info] > git rev-parse --git-dir --git-common-dir [2ms]
2023-05-05 14:55:47.136 [info] Open repository: /home/ubuntu/rbtree-lab
2023-05-05 14:55:47.149 [info] > git config --get commit.template [6ms]
2023-05-05 14:55:47.151 [info] > git for-each-ref --format=%(refname)%00%(upstream:short)%00%(objectname)%00%(upstream:track)%00%(upstream:remotename)%00%(upstream:remoteref) refs/heads/main refs/remotes/main [4ms]
2023-05-05 14:55:47.159 [info] > git status -z -uall [4ms]
2023-05-05 14:55:47.177 [info] > git config --get commit.template [5ms]
2023-05-05 14:55:47.179 [info] > git for-each-ref --format=%(refname)%00%(upstream:short)%00%(objectname)%00%(upstream:track)%00%(upstream:remotename)%00%(upstream:remoteref) refs/heads/main refs/remotes/main [3ms]
2023-05-05 14:55:47.195 [info] > git status -z -uall [13ms]
2023-05-05 14:55:47.696 [info] > git check-ignore -v -z --stdin [3ms]
2023-05-05 14:55:53.133 [info] > git check-ignore -v -z --stdin [2ms]
2023-05-05 14:55:54.236 [info] > git check-ignore -v -z --stdin [2ms]
2023-05-05 14:57:00.486 [info] > git show --textconv :test/Makefile [5ms]
2023-05-05 14:57:00.489 [info] > git ls-files --stage -- /home/ubuntu/rbtree-lab/test/Makefile [4ms]
2023-05-05 14:57:00.494 [info] > git cat-file -s 0233f364971fae153cb14956853bbe96094847a7 [1ms]
2023-05-05 14:57:04.106 [info] > git rev-parse --show-toplevel [3ms]
2023-05-05 14:57:04.106 [info] fatal: not a git repository (or any of the parent directories): .git
2023-05-05 14:57:09.993 [info] > git show --textconv :test/test-rbtree.c [5ms]
2023-05-05 14:57:09.996 [info] > git ls-files --stage -- /home/ubuntu/rbtree-lab/test/test-rbtree.c [4ms]
2023-05-05 14:57:10.000 [info] > git cat-file -s 60ed53ead57d33ae01b83a6bd7c03f6484dab1ba [2ms]
2023-05-05 14:57:35.448 [info] > git check-ignore -v -z --stdin [2ms]
2023-05-05 14:57:35.718 [info] > git config --get commit.template [5ms]
2023-05-05 14:57:35.720 [info] > git for-each-ref --format=%(refname)%00%(upstream:short)%00%(objectname)%00%(upstream:track)%00%(upstream:remotename)%00%(upstream:remoteref) refs/heads/main refs/remotes/main [2ms]
2023-05-05 14:57:35.725 [info] > git status -z -uall [2ms]
2023-05-05 14:57:53.208 [info] > git check-ignore -v -z --stdin [3ms]
2023-05-05 14:57:54.930 [info] > git show --textconv :src/rbtree.c [6ms]
2023-05-05 14:57:54.933 [info] > git ls-files --stage -- /home/ubuntu/rbtree-lab/src/rbtree.c [4ms]
2023-05-05 14:57:54.937 [info] > git cat-file -s 63e19f27fca971198aea3fa5f90ad44417207169 [1ms]
2023-05-05 14:57:58.782 [info] > git show --textconv :src/rbtree.h [5ms]
2023-05-05 14:57:58.785 [info] > git ls-files --stage -- /home/ubuntu/rbtree-lab/src/rbtree.h [4ms]
2023-05-05 14:57:58.789 [info] > git cat-file -s f34ff062785d76947c9a53aa163519f29778bcec [2ms]
2023-05-05 14:58:46.142 [info] > git config --get commit.template [5ms]
2023-05-05 14:58:46.144 [info] > git for-each-ref --format=%(refname)%00%(upstream:short)%00%(objectname)%00%(upstream:track)%00%(upstream:remotename)%00%(upstream:remoteref) refs/heads/main refs/remotes/main [3ms]
2023-05-05 14:58:46.150 [info] > git status -z -uall [3ms]
2023-05-05 15:00:05.421 [info] > git config --get commit.template [5ms]
2023-05-05 15:00:05.423 [info] > git for-each-ref --format=%(refname)%00%(upstream:short)%00%(objectname)%00%(upstream:track)%00%(upstream:remotename)%00%(upstream:remoteref) refs/heads/main refs/remotes/main [3ms]
2023-05-05 15:00:05.429 [info] > git status -z -uall [3ms]
2023-05-05 15:00:10.450 [info] > git config --get commit.template [5ms]
2023-05-05 15:00:10.452 [info] > git for-each-ref --format=%(refname)%00%(upstream:short)%00%(objectname)%00%(upstream:track)%00%(upstream:remotename)%00%(upstream:remoteref) refs/heads/main refs/remotes/main [2ms]
2023-05-05 15:00:10.459 [info] > git status -z -uall [4ms]
2023-05-05 15:00:33.432 [info] > git config --get commit.template [5ms]
2023-05-05 15:00:33.434 [info] > git for-each-ref --format=%(refname)%00%(upstream:short)%00%(objectname)%00%(upstream:track)%00%(upstream:remotename)%00%(upstream:remoteref) refs/heads/main refs/remotes/main [3ms]
2023-05-05 15:00:33.439 [info] > git status -z -uall [3ms]
2023-05-05 15:00:33.447 [info] > git check-ignore -v -z --stdin [3ms]
2023-05-05 15:00:56.193 [info] > git config --get commit.template [5ms]
2023-05-05 15:00:56.195 [info] > git for-each-ref --format=%(refname)%00%(upstream:short)%00%(objectname)%00%(upstream:track)%00%(upstream:remotename)%00%(upstream:remoteref) refs/heads/main refs/remotes/main [3ms]
2023-05-05 15:00:56.201 [info] > git status -z -uall [3ms]
2023-05-05 15:02:36.584 [info] > git config --get commit.template [4ms]
2023-05-05 15:02:36.587 [info] > git for-each-ref --format=%(refname)%00%(upstream:short)%00%(objectname)%00%(upstream:track)%00%(upstream:remotename)%00%(upstream:remoteref) refs/heads/main refs/remotes/main [2ms]
2023-05-05 15:02:36.592 [info] > git status -z -uall [3ms]
