2023-05-09 04:24:10.763 [info] Extension host with pid 61197 started
2023-05-09 04:24:10.827 [info] Lock '/home/ubuntu/.vscode-server/data/User/workspaceStorage/c8ed3cac58b4af4827381a5d74dd3735/vscode.lock': Lock acquired.
2023-05-09 04:24:10.935 [info] ExtensionService#_doActivateExtension vscode.emmet, startup: false, activationEvent: 'onLanguage'
2023-05-09 04:24:11.185 [info] ExtensionService#_doActivateExtension vscode.git-base, startup: true, activationEvent: '*', root cause: vscode.git
2023-05-09 04:24:11.241 [info] ExtensionService#_doActivateExtension vscode.git, startup: true, activationEvent: '*'
2023-05-09 04:24:11.241 [info] ExtensionService#_doActivateExtension vscode.github, startup: true, activationEvent: '*'
2023-05-09 04:24:11.692 [info] Eager extensions activated
2023-05-09 04:24:11.693 [info] ExtensionService#_doActivateExtension vscode.debug-auto-launch, startup: false, activationEvent: 'onStartupFinished'
2023-05-09 04:24:11.694 [info] ExtensionService#_doActivateExtension vscode.merge-conflict, startup: false, activationEvent: 'onStartupFinished'
2023-05-09 04:24:23.104 [info] ExtensionService#_doActivateExtension vscode.npm, startup: false, activationEvent: 'onTerminalQuickFixRequest:ms-vscode.npm-command'
2023-05-09 11:37:36.411 [info] Extension host terminating: renderer disconnected for too long (2)
2023-05-09 11:37:36.412 [info] Lock '/home/ubuntu/.vscode-server/data/User/workspaceStorage/c8ed3cac58b4af4827381a5d74dd3735/vscode.lock': Marking the lockfile as scheduled to be released in 6000 ms.
2023-05-09 11:37:36.429 [error] Canceled: Canceled
	at new l (/home/ubuntu/.vscode-server/bin/252e5463d60e63238250799aef7375787f68b4ee/out/vs/workbench/api/node/extensionHostProcess.js:99:104563)
	at a.O (/home/ubuntu/.vscode-server/bin/252e5463d60e63238250799aef7375787f68b4ee/out/vs/workbench/api/node/extensionHostProcess.js:111:11657)
	at Proxy.H.<computed>.x.charCodeAt.H.<computed> (/home/ubuntu/.vscode-server/bin/252e5463d60e63238250799aef7375787f68b4ee/out/vs/workbench/api/node/extensionHostProcess.js:111:8947)
	at e.ExtHostCommands.g (/home/ubuntu/.vscode-server/bin/252e5463d60e63238250799aef7375787f68b4ee/out/vs/workbench/api/node/extensionHostProcess.js:99:124729)
	at e.ExtHostCommands.executeCommand (/home/ubuntu/.vscode-server/bin/252e5463d60e63238250799aef7375787f68b4ee/out/vs/workbench/api/node/extensionHostProcess.js:99:124105)
	at C.registerCommand.description (/home/ubuntu/.vscode-server/bin/252e5463d60e63238250799aef7375787f68b4ee/out/vs/workbench/api/node/extensionHostProcess.js:99:123398)
	at e.ExtHostCommands.h (/home/ubuntu/.vscode-server/bin/252e5463d60e63238250799aef7375787f68b4ee/out/vs/workbench/api/node/extensionHostProcess.js:99:125315)
	at e.ExtHostCommands.g (/home/ubuntu/.vscode-server/bin/252e5463d60e63238250799aef7375787f68b4ee/out/vs/workbench/api/node/extensionHostProcess.js:99:124205)
	at e.ExtHostCommands.executeCommand (/home/ubuntu/.vscode-server/bin/252e5463d60e63238250799aef7375787f68b4ee/out/vs/workbench/api/node/extensionHostProcess.js:99:124105)
	at Object.executeCommand (/home/ubuntu/.vscode-server/bin/252e5463d60e63238250799aef7375787f68b4ee/out/vs/workbench/api/node/extensionHostProcess.js:117:24043)
	at D (/home/ubuntu/.vscode-server/bin/252e5463d60e63238250799aef7375787f68b4ee/extensions/git/dist/main.js:2:1259661)
	at v.invoke (/home/ubuntu/.vscode-server/bin/252e5463d60e63238250799aef7375787f68b4ee/out/vs/workbench/api/node/extensionHostProcess.js:63:145)
	at h.deliver (/home/ubuntu/.vscode-server/bin/252e5463d60e63238250799aef7375787f68b4ee/out/vs/workbench/api/node/extensionHostProcess.js:63:2121)
	at i.fire (/home/ubuntu/.vscode-server/bin/252e5463d60e63238250799aef7375787f68b4ee/out/vs/workbench/api/node/extensionHostProcess.js:63:1729)
	at Object.m [as dispose] (/home/ubuntu/.vscode-server/bin/252e5463d60e63238250799aef7375787f68b4ee/extensions/git/dist/main.js:2:1274494)
	at /home/ubuntu/.vscode-server/bin/252e5463d60e63238250799aef7375787f68b4ee/extensions/git/dist/main.js:2:1278940
	at Array.forEach (<anonymous>)
	at g.dispose (/home/ubuntu/.vscode-server/bin/252e5463d60e63238250799aef7375787f68b4ee/extensions/git/dist/main.js:2:1278926)
	at t.<anonymous> (/home/ubuntu/.vscode-server/bin/252e5463d60e63238250799aef7375787f68b4ee/out/vs/workbench/api/node/extensionHostProcess.js:97:12369)
	at t.dispose (/home/ubuntu/.vscode-server/bin/252e5463d60e63238250799aef7375787f68b4ee/out/vs/workbench/api/node/extensionHostProcess.js:97:12504)
	at t.<anonymous> (/home/ubuntu/.vscode-server/bin/252e5463d60e63238250799aef7375787f68b4ee/extensions/git/dist/main.js:2:1261791)
	at t.dispose (/home/ubuntu/.vscode-server/bin/252e5463d60e63238250799aef7375787f68b4ee/out/vs/workbench/api/node/extensionHostProcess.js:97:12504)
	at P (/home/ubuntu/.vscode-server/bin/252e5463d60e63238250799aef7375787f68b4ee/out/vs/workbench/api/node/extensionHostProcess.js:10:12080)
	at v.Y (/home/ubuntu/.vscode-server/bin/252e5463d60e63238250799aef7375787f68b4ee/out/vs/workbench/api/node/extensionHostProcess.js:113:11173)
	at /home/ubuntu/.vscode-server/bin/252e5463d60e63238250799aef7375787f68b4ee/out/vs/workbench/api/node/extensionHostProcess.js:113:9157
	at Array.map (<anonymous>)
	at v.R (/home/ubuntu/.vscode-server/bin/252e5463d60e63238250799aef7375787f68b4ee/out/vs/workbench/api/node/extensionHostProcess.js:113:9144)
	at v.terminate (/home/ubuntu/.vscode-server/bin/252e5463d60e63238250799aef7375787f68b4ee/out/vs/workbench/api/node/extensionHostProcess.js:113:9415)
	at d.terminate (/home/ubuntu/.vscode-server/bin/252e5463d60e63238250799aef7375787f68b4ee/out/vs/workbench/api/node/extensionHostProcess.js:117:1544)
	at g (/home/ubuntu/.vscode-server/bin/252e5463d60e63238250799aef7375787f68b4ee/out/vs/workbench/api/node/extensionHostProcess.js:127:34439)
	at x.a (/home/ubuntu/.vscode-server/bin/252e5463d60e63238250799aef7375787f68b4ee/out/vs/workbench/api/node/extensionHostProcess.js:127:30994)
	at x.h (/home/ubuntu/.vscode-server/bin/252e5463d60e63238250799aef7375787f68b4ee/out/vs/workbench/api/node/extensionHostProcess.js:66:46626)
	at listOnTimeout (node:internal/timers:559:17)
	at processTimers (node:internal/timers:502:7) setContext undefined
2023-05-09 11:37:36.429 [info] Extension host with pid 61197 exiting with code 0
